Analysis & Synthesis report for DE1_SoC
Wed May 13 13:44:51 2026
Quartus Prime Version 17.0.0 Build 595 04/25/2017 SJ Lite Edition


---------------------
; Table of Contents ;
---------------------
  1. Legal Notice
  2. Analysis & Synthesis Summary
  3. Analysis & Synthesis Settings
  4. Parallel Compilation
  5. Analysis & Synthesis Source Files Read
  6. Analysis & Synthesis Resource Usage Summary
  7. Analysis & Synthesis Resource Utilization by Entity
  8. State Machine - |tug_of_war|victory:winner_detector|ps
  9. Registers Removed During Synthesis
 10. General Register Statistics
 11. Multiplexer Restructuring Statistics (Restructuring Performed)
 12. Parameter Settings for User Entity Instance: Top-level Entity: |tug_of_war
 13. Post-Synthesis Netlist Statistics for Top Partition
 14. Elapsed Time Per Partition
 15. Analysis & Synthesis Messages
 16. Analysis & Synthesis Suppressed Messages



----------------
; Legal Notice ;
----------------
Copyright (C) 2017  Intel Corporation. All rights reserved.
Your use of Intel Corporation's design tools, logic functions 
and other software and tools, and its AMPP partner logic 
functions, and any output files from any of the foregoing 
(including device programming or simulation files), and any 
associated documentation or information are expressly subject 
to the terms and conditions of the Intel Program License 
Subscription Agreement, the Intel Quartus Prime License Agreement,
the Intel MegaCore Function License Agreement, or other 
applicable license agreement, including, without limitation, 
that your use is for the sole purpose of programming logic 
devices manufactured by Intel and sold by Intel or its 
authorized distributors.  Please refer to the applicable 
agreement for further details.



+-------------------------------------------------------------------------------+
; Analysis & Synthesis Summary                                                  ;
+---------------------------------+---------------------------------------------+
; Analysis & Synthesis Status     ; Successful - Wed May 13 13:44:51 2026       ;
; Quartus Prime Version           ; 17.0.0 Build 595 04/25/2017 SJ Lite Edition ;
; Revision Name                   ; DE1_SoC                                     ;
; Top-level Entity Name           ; tug_of_war                                  ;
; Family                          ; Cyclone V                                   ;
; Logic utilization (in ALMs)     ; N/A                                         ;
; Total registers                 ; 21                                          ;
; Total pins                      ; 32                                          ;
; Total virtual pins              ; 0                                           ;
; Total block memory bits         ; 0                                           ;
; Total DSP Blocks                ; 0                                           ;
; Total HSSI RX PCSs              ; 0                                           ;
; Total HSSI PMA RX Deserializers ; 0                                           ;
; Total HSSI TX PCSs              ; 0                                           ;
; Total HSSI PMA TX Serializers   ; 0                                           ;
; Total PLLs                      ; 0                                           ;
; Total DLLs                      ; 0                                           ;
+---------------------------------+---------------------------------------------+


+---------------------------------------------------------------------------------------------------------------------------+
; Analysis & Synthesis Settings                                                                                             ;
+---------------------------------------------------------------------------------+--------------------+--------------------+
; Option                                                                          ; Setting            ; Default Value      ;
+---------------------------------------------------------------------------------+--------------------+--------------------+
; Device                                                                          ; 5CSEMA5F31C6       ;                    ;
; Top-level entity name                                                           ; tug_of_war         ; DE1_SoC            ;
; Family name                                                                     ; Cyclone V          ; Cyclone V          ;
; State Machine Processing                                                        ; User-Encoded       ; Auto               ;
; Use smart compilation                                                           ; Off                ; Off                ;
; Enable parallel Assembler and TimeQuest Timing Analyzer during compilation      ; On                 ; On                 ;
; Enable compact report table                                                     ; Off                ; Off                ;
; Restructure Multiplexers                                                        ; Auto               ; Auto               ;
; MLAB Add Timing Constraints For Mixed-Port Feed-Through Mode Setting Don't Care ; Off                ; Off                ;
; Create Debugging Nodes for IP Cores                                             ; Off                ; Off                ;
; Preserve fewer node names                                                       ; On                 ; On                 ;
; OpenCore Plus hardware evaluation                                               ; Enable             ; Enable             ;
; Verilog Version                                                                 ; Verilog_2001       ; Verilog_2001       ;
; VHDL Version                                                                    ; VHDL_1993          ; VHDL_1993          ;
; Safe State Machine                                                              ; Off                ; Off                ;
; Extract Verilog State Machines                                                  ; On                 ; On                 ;
; Extract VHDL State Machines                                                     ; On                 ; On                 ;
; Ignore Verilog initial constructs                                               ; Off                ; Off                ;
; Iteration limit for constant Verilog loops                                      ; 5000               ; 5000               ;
; Iteration limit for non-constant Verilog loops                                  ; 250                ; 250                ;
; Add Pass-Through Logic to Inferred RAMs                                         ; On                 ; On                 ;
; Infer RAMs from Raw Logic                                                       ; On                 ; On                 ;
; Parallel Synthesis                                                              ; On                 ; On                 ;
; DSP Block Balancing                                                             ; Auto               ; Auto               ;
; NOT Gate Push-Back                                                              ; On                 ; On                 ;
; Power-Up Don't Care                                                             ; On                 ; On                 ;
; Remove Redundant Logic Cells                                                    ; Off                ; Off                ;
; Remove Duplicate Registers                                                      ; On                 ; On                 ;
; Ignore CARRY Buffers                                                            ; Off                ; Off                ;
; Ignore CASCADE Buffers                                                          ; Off                ; Off                ;
; Ignore GLOBAL Buffers                                                           ; Off                ; Off                ;
; Ignore ROW GLOBAL Buffers                                                       ; Off                ; Off                ;
; Ignore LCELL Buffers                                                            ; Off                ; Off                ;
; Ignore SOFT Buffers                                                             ; On                 ; On                 ;
; Limit AHDL Integers to 32 Bits                                                  ; Off                ; Off                ;
; Optimization Technique                                                          ; Balanced           ; Balanced           ;
; Carry Chain Length                                                              ; 70                 ; 70                 ;
; Auto Carry Chains                                                               ; On                 ; On                 ;
; Auto Open-Drain Pins                                                            ; On                 ; On                 ;
; Perform WYSIWYG Primitive Resynthesis                                           ; Off                ; Off                ;
; Auto ROM Replacement                                                            ; On                 ; On                 ;
; Auto RAM Replacement                                                            ; On                 ; On                 ;
; Auto DSP Block Replacement                                                      ; On                 ; On                 ;
; Auto Shift Register Replacement                                                 ; Auto               ; Auto               ;
; Allow Shift Register Merging across Hierarchies                                 ; Auto               ; Auto               ;
; Auto Clock Enable Replacement                                                   ; On                 ; On                 ;
; Strict RAM Replacement                                                          ; Off                ; Off                ;
; Allow Synchronous Control Signals                                               ; On                 ; On                 ;
; Force Use of Synchronous Clear Signals                                          ; Off                ; Off                ;
; Auto Resource Sharing                                                           ; Off                ; Off                ;
; Allow Any RAM Size For Recognition                                              ; Off                ; Off                ;
; Allow Any ROM Size For Recognition                                              ; Off                ; Off                ;
; Allow Any Shift Register Size For Recognition                                   ; Off                ; Off                ;
; Use LogicLock Constraints during Resource Balancing                             ; On                 ; On                 ;
; Ignore translate_off and synthesis_off directives                               ; Off                ; Off                ;
; Timing-Driven Synthesis                                                         ; On                 ; On                 ;
; Report Parameter Settings                                                       ; On                 ; On                 ;
; Report Source Assignments                                                       ; On                 ; On                 ;
; Report Connectivity Checks                                                      ; On                 ; On                 ;
; Ignore Maximum Fan-Out Assignments                                              ; Off                ; Off                ;
; Synchronization Register Chain Length                                           ; 3                  ; 3                  ;
; PowerPlay Power Optimization During Synthesis                                   ; Normal compilation ; Normal compilation ;
; HDL message level                                                               ; Level2             ; Level2             ;
; Suppress Register Optimization Related Messages                                 ; Off                ; Off                ;
; Number of Removed Registers Reported in Synthesis Report                        ; 5000               ; 5000               ;
; Number of Swept Nodes Reported in Synthesis Report                              ; 5000               ; 5000               ;
; Number of Inverted Registers Reported in Synthesis Report                       ; 100                ; 100                ;
; Clock MUX Protection                                                            ; On                 ; On                 ;
; Auto Gated Clock Conversion                                                     ; Off                ; Off                ;
; Block Design Naming                                                             ; Auto               ; Auto               ;
; SDC constraint protection                                                       ; Off                ; Off                ;
; Synthesis Effort                                                                ; Auto               ; Auto               ;
; Shift Register Replacement - Allow Asynchronous Clear Signal                    ; On                 ; On                 ;
; Pre-Mapping Resynthesis Optimization                                            ; Off                ; Off                ;
; Analysis & Synthesis Message Level                                              ; Medium             ; Medium             ;
; Disable Register Merging Across Hierarchies                                     ; Auto               ; Auto               ;
; Resource Aware Inference For Block RAM                                          ; On                 ; On                 ;
; Automatic Parallel Synthesis                                                    ; On                 ; On                 ;
; Partial Reconfiguration Bitstream ID                                            ; Off                ; Off                ;
+---------------------------------------------------------------------------------+--------------------+--------------------+


+------------------------------------------+
; Parallel Compilation                     ;
+----------------------------+-------------+
; Processors                 ; Number      ;
+----------------------------+-------------+
; Number detected on machine ; 22          ;
; Maximum allowed            ; 16          ;
;                            ;             ;
; Average used               ; 1.00        ;
; Maximum used               ; 16          ;
;                            ;             ;
; Usage by Processor         ; % Time Used ;
;     Processor 1            ; 100.0%      ;
;     Processors 2-16        ;   0.0%      ;
+----------------------------+-------------+


+--------------------------------------------------------------------------------------------------------------------------------------------------+
; Analysis & Synthesis Source Files Read                                                                                                           ;
+----------------------------------+-----------------+------------------------------+----------------------------------------------------+---------+
; File Name with User-Entered Path ; Used in Netlist ; File Type                    ; File Name with Absolute Path                       ; Library ;
+----------------------------------+-----------------+------------------------------+----------------------------------------------------+---------+
; normal_light.sv                  ; yes             ; User SystemVerilog HDL File  ; Z:/Classes/CSE 369/Lab 6/normal_light.sv           ;         ;
; pulse.sv                         ; yes             ; User SystemVerilog HDL File  ; Z:/Classes/CSE 369/Lab 6/pulse.sv                  ;         ;
; synch.sv                         ; yes             ; User SystemVerilog HDL File  ; Z:/Classes/CSE 369/Lab 6/synch.sv                  ;         ;
; tug_of_war.sv                    ; yes             ; User SystemVerilog HDL File  ; Z:/Classes/CSE 369/Lab 6/tug_of_war.sv             ;         ;
; user_input.sv                    ; yes             ; User SystemVerilog HDL File  ; Z:/Classes/CSE 369/Lab 6/user_input.sv             ;         ;
; victory.sv                       ; yes             ; User SystemVerilog HDL File  ; Z:/Classes/CSE 369/Lab 6/victory.sv                ;         ;
; normal_light_leftmost.sv         ; yes             ; User SystemVerilog HDL File  ; Z:/Classes/CSE 369/Lab 6/normal_light_leftmost.sv  ;         ;
; normal_light_rightmost.sv        ; yes             ; User SystemVerilog HDL File  ; Z:/Classes/CSE 369/Lab 6/normal_light_rightmost.sv ;         ;
; center_light.sv                  ; yes             ; User SystemVerilog HDL File  ; Z:/Classes/CSE 369/Lab 6/center_light.sv           ;         ;
+----------------------------------+-----------------+------------------------------+----------------------------------------------------+---------+


+--------------------------------------------------------------+
; Analysis & Synthesis Resource Usage Summary                  ;
+---------------------------------------------+----------------+
; Resource                                    ; Usage          ;
+---------------------------------------------+----------------+
; Estimate of Logic utilization (ALMs needed) ; 18             ;
;                                             ;                ;
; Combinational ALUT usage for logic          ; 24             ;
;     -- 7 input functions                    ; 0              ;
;     -- 6 input functions                    ; 10             ;
;     -- 5 input functions                    ; 4              ;
;     -- 4 input functions                    ; 1              ;
;     -- <=3 input functions                  ; 9              ;
;                                             ;                ;
; Dedicated logic registers                   ; 21             ;
;                                             ;                ;
; I/O pins                                    ; 32             ;
;                                             ;                ;
; Total DSP Blocks                            ; 0              ;
;                                             ;                ;
; Maximum fan-out node                        ; CLOCK_50~input ;
; Maximum fan-out                             ; 22             ;
; Total fan-out                               ; 205            ;
; Average fan-out                             ; 1.88           ;
+---------------------------------------------+----------------+


+---------------------------------------------------------------------------------------------------------------------------------------------------------------------------------------------------------------------------------------------+
; Analysis & Synthesis Resource Utilization by Entity                                                                                                                                                                                         ;
+---------------------------------------+---------------------+---------------------------+-------------------+------------+------+--------------+----------------------------------------------------+------------------------+--------------+
; Compilation Hierarchy Node            ; Combinational ALUTs ; Dedicated Logic Registers ; Block Memory Bits ; DSP Blocks ; Pins ; Virtual Pins ; Full Hierarchy Name                                ; Entity Name            ; Library Name ;
+---------------------------------------+---------------------+---------------------------+-------------------+------------+------+--------------+----------------------------------------------------+------------------------+--------------+
; |tug_of_war                           ; 24 (0)              ; 21 (2)                    ; 0                 ; 0          ; 32   ; 0            ; |tug_of_war                                        ; tug_of_war             ; work         ;
;    |center_light:light5|              ; 1 (1)               ; 1 (1)                     ; 0                 ; 0          ; 0    ; 0            ; |tug_of_war|center_light:light5                    ; center_light           ; work         ;
;    |normal_light:light2|              ; 1 (1)               ; 1 (1)                     ; 0                 ; 0          ; 0    ; 0            ; |tug_of_war|normal_light:light2                    ; normal_light           ; work         ;
;    |normal_light:light3|              ; 1 (1)               ; 1 (1)                     ; 0                 ; 0          ; 0    ; 0            ; |tug_of_war|normal_light:light3                    ; normal_light           ; work         ;
;    |normal_light:light4|              ; 1 (1)               ; 1 (1)                     ; 0                 ; 0          ; 0    ; 0            ; |tug_of_war|normal_light:light4                    ; normal_light           ; work         ;
;    |normal_light:light6|              ; 1 (1)               ; 1 (1)                     ; 0                 ; 0          ; 0    ; 0            ; |tug_of_war|normal_light:light6                    ; normal_light           ; work         ;
;    |normal_light:light7|              ; 1 (1)               ; 1 (1)                     ; 0                 ; 0          ; 0    ; 0            ; |tug_of_war|normal_light:light7                    ; normal_light           ; work         ;
;    |normal_light:light8|              ; 1 (1)               ; 1 (1)                     ; 0                 ; 0          ; 0    ; 0            ; |tug_of_war|normal_light:light8                    ; normal_light           ; work         ;
;    |normal_light_leftmost:leftmost|   ; 2 (2)               ; 1 (1)                     ; 0                 ; 0          ; 0    ; 0            ; |tug_of_war|normal_light_leftmost:leftmost         ; normal_light_leftmost  ; work         ;
;    |normal_light_rightmost:rightmost| ; 2 (2)               ; 1 (1)                     ; 0                 ; 0          ; 0    ; 0            ; |tug_of_war|normal_light_rightmost:rightmost       ; normal_light_rightmost ; work         ;
;    |user_input:input1|                ; 4 (0)               ; 3 (0)                     ; 0                 ; 0          ; 0    ; 0            ; |tug_of_war|user_input:input1                      ; user_input             ; work         ;
;       |pulse:pulse_detector|          ; 2 (2)               ; 1 (1)                     ; 0                 ; 0          ; 0    ; 0            ; |tug_of_war|user_input:input1|pulse:pulse_detector ; pulse                  ; work         ;
;       |synch:synchronizer|            ; 2 (2)               ; 2 (2)                     ; 0                 ; 0          ; 0    ; 0            ; |tug_of_war|user_input:input1|synch:synchronizer   ; synch                  ; work         ;
;    |user_input:input2|                ; 4 (0)               ; 3 (0)                     ; 0                 ; 0          ; 0    ; 0            ; |tug_of_war|user_input:input2                      ; user_input             ; work         ;
;       |pulse:pulse_detector|          ; 2 (2)               ; 1 (1)                     ; 0                 ; 0          ; 0    ; 0            ; |tug_of_war|user_input:input2|pulse:pulse_detector ; pulse                  ; work         ;
;       |synch:synchronizer|            ; 2 (2)               ; 2 (2)                     ; 0                 ; 0          ; 0    ; 0            ; |tug_of_war|user_input:input2|synch:synchronizer   ; synch                  ; work         ;
;    |victory:winner_detector|          ; 5 (5)               ; 4 (4)                     ; 0                 ; 0          ; 0    ; 0            ; |tug_of_war|victory:winner_detector                ; victory                ; work         ;
+---------------------------------------+---------------------+---------------------------+-------------------+------------+------+--------------+----------------------------------------------------+------------------------+--------------+
Note: For table entries with two numbers listed, the numbers in parentheses indicate the number of resources of the given type used by the specific entity alone. The numbers listed outside of parentheses indicate the total resources of the given type used by the specific entity and all of its sub-entities in the hierarchy.


Encoding Type:  User-Encoded
+--------------------------------------------------------+
; State Machine - |tug_of_war|victory:winner_detector|ps ;
+---------+------+------+--------------------------------+
; Name    ; ps~4 ; ps~3 ; ps~2                           ;
+---------+------+------+--------------------------------+
; ps.ZERO ; 0    ; 0    ; 0                              ;
; ps.p1w  ; 1    ; 1    ; 0                              ;
; ps.p2w  ; 0    ; 1    ; 1                              ;
+---------+------+------+--------------------------------+


+------------------------------------------------------------+
; Registers Removed During Synthesis                         ;
+---------------------------------------+--------------------+
; Register name                         ; Reason for Removal ;
+---------------------------------------+--------------------+
; victory:winner_detector|ps~5          ; Lost fanout        ;
; victory:winner_detector|ps~6          ; Lost fanout        ;
; victory:winner_detector|ps~7          ; Lost fanout        ;
; victory:winner_detector|ps~8          ; Lost fanout        ;
; Total Number of Removed Registers = 4 ;                    ;
+---------------------------------------+--------------------+


+------------------------------------------------------+
; General Register Statistics                          ;
+----------------------------------------------+-------+
; Statistic                                    ; Value ;
+----------------------------------------------+-------+
; Total registers                              ; 21    ;
; Number of registers using Synchronous Clear  ; 9     ;
; Number of registers using Synchronous Load   ; 1     ;
; Number of registers using Asynchronous Clear ; 0     ;
; Number of registers using Asynchronous Load  ; 0     ;
; Number of registers using Clock Enable       ; 2     ;
; Number of registers using Preset             ; 0     ;
+----------------------------------------------+-------+


+------------------------------------------------------------------------------------------------------------------------------------------------------+
; Multiplexer Restructuring Statistics (Restructuring Performed)                                                                                       ;
+--------------------+-----------+---------------+----------------------+------------------------+------------+----------------------------------------+
; Multiplexer Inputs ; Bus Width ; Baseline Area ; Area if Restructured ; Saving if Restructured ; Registered ; Example Multiplexer Output             ;
+--------------------+-----------+---------------+----------------------+------------------------+------------+----------------------------------------+
; 5:1                ; 2 bits    ; 6 LEs         ; 4 LEs                ; 2 LEs                  ; No         ; |tug_of_war|victory:winner_detector|ps ;
+--------------------+-----------+---------------+----------------------+------------------------+------------+----------------------------------------+


+----------------------------------------------------------------------------+
; Parameter Settings for User Entity Instance: Top-level Entity: |tug_of_war ;
+----------------+-------+---------------------------------------------------+
; Parameter Name ; Value ; Type                                              ;
+----------------+-------+---------------------------------------------------+
; whichClock     ; 0     ; Signed Integer                                    ;
+----------------+-------+---------------------------------------------------+
Note: In order to hide this table in the UI and the text report file, please set the "Show Parameter Settings in Synthesis Report" option in "Analysis and Synthesis Settings -> More Settings" to "Off".


+-----------------------------------------------------+
; Post-Synthesis Netlist Statistics for Top Partition ;
+-----------------------+-----------------------------+
; Type                  ; Count                       ;
+-----------------------+-----------------------------+
; arriav_ff             ; 21                          ;
;     ENA               ; 2                           ;
;     SCLR              ; 9                           ;
;     SLD               ; 1                           ;
;     plain             ; 9                           ;
; arriav_lcell_comb     ; 28                          ;
;     normal            ; 28                          ;
;         0 data inputs ; 1                           ;
;         1 data inputs ; 3                           ;
;         2 data inputs ; 8                           ;
;         3 data inputs ; 1                           ;
;         4 data inputs ; 1                           ;
;         5 data inputs ; 4                           ;
;         6 data inputs ; 10                          ;
; boundary_port         ; 32                          ;
;                       ;                             ;
; Max LUT depth         ; 2.00                        ;
; Average LUT depth     ; 1.38                        ;
+-----------------------+-----------------------------+


+-------------------------------+
; Elapsed Time Per Partition    ;
+----------------+--------------+
; Partition Name ; Elapsed Time ;
+----------------+--------------+
; Top            ; 00:00:00     ;
+----------------+--------------+


+-------------------------------+
; Analysis & Synthesis Messages ;
+-------------------------------+
Info: *******************************************************************
Info: Running Quartus Prime Analysis & Synthesis
    Info: Version 17.0.0 Build 595 04/25/2017 SJ Lite Edition
    Info: Processing started: Wed May 13 13:44:43 2026
Info: Command: quartus_map --read_settings_files=on --write_settings_files=off tug_of_war -c DE1_SoC
Info (20030): Parallel compilation is enabled and will use 16 of the 16 processors detected
Info (12021): Found 2 design units, including 2 entities, in source file normal_light.sv
    Info (12023): Found entity 1: normal_light File: Z:/Classes/CSE 369/Lab 6/normal_light.sv Line: 1
    Info (12023): Found entity 2: normal_light_tb File: Z:/Classes/CSE 369/Lab 6/normal_light.sv Line: 52
Info (12021): Found 1 design units, including 1 entities, in source file pulse.sv
    Info (12023): Found entity 1: pulse File: Z:/Classes/CSE 369/Lab 6/pulse.sv Line: 1
Info (12021): Found 1 design units, including 1 entities, in source file synch.sv
    Info (12023): Found entity 1: synch File: Z:/Classes/CSE 369/Lab 6/synch.sv Line: 1
Info (12021): Found 2 design units, including 2 entities, in source file tug_of_war.sv
    Info (12023): Found entity 1: tug_of_war File: Z:/Classes/CSE 369/Lab 6/tug_of_war.sv Line: 1
    Info (12023): Found entity 2: tug_of_war_tb File: Z:/Classes/CSE 369/Lab 6/tug_of_war.sv Line: 76
Info (12021): Found 2 design units, including 2 entities, in source file user_input.sv
    Info (12023): Found entity 1: user_input File: Z:/Classes/CSE 369/Lab 6/user_input.sv Line: 1
    Info (12023): Found entity 2: user_input_tb File: Z:/Classes/CSE 369/Lab 6/user_input.sv Line: 19
Info (12021): Found 2 design units, including 2 entities, in source file victory.sv
    Info (12023): Found entity 1: victory File: Z:/Classes/CSE 369/Lab 6/victory.sv Line: 1
    Info (12023): Found entity 2: victory_tb File: Z:/Classes/CSE 369/Lab 6/victory.sv Line: 50
Info (12021): Found 2 design units, including 2 entities, in source file normal_light_leftmost.sv
    Info (12023): Found entity 1: normal_light_leftmost File: Z:/Classes/CSE 369/Lab 6/normal_light_leftmost.sv Line: 1
    Info (12023): Found entity 2: normal_light_leftmost_tb File: Z:/Classes/CSE 369/Lab 6/normal_light_leftmost.sv Line: 50
Info (12021): Found 2 design units, including 2 entities, in source file normal_light_rightmost.sv
    Info (12023): Found entity 1: normal_light_rightmost File: Z:/Classes/CSE 369/Lab 6/normal_light_rightmost.sv Line: 1
    Info (12023): Found entity 2: normal_light_rightmost_tb File: Z:/Classes/CSE 369/Lab 6/normal_light_rightmost.sv Line: 51
Info (12021): Found 1 design units, including 1 entities, in source file clock_divider.sv
    Info (12023): Found entity 1: clock_divider File: Z:/Classes/CSE 369/Lab 6/clock_divider.sv Line: 3
Info (12021): Found 2 design units, including 2 entities, in source file center_light.sv
    Info (12023): Found entity 1: center_light File: Z:/Classes/CSE 369/Lab 6/center_light.sv Line: 1
    Info (12023): Found entity 2: center_light_tb File: Z:/Classes/CSE 369/Lab 6/center_light.sv Line: 51
Info (12127): Elaborating entity "tug_of_war" for the top level hierarchy
Info (12128): Elaborating entity "user_input" for hierarchy "user_input:input1" File: Z:/Classes/CSE 369/Lab 6/tug_of_war.sv Line: 37
Info (12128): Elaborating entity "synch" for hierarchy "user_input:input1|synch:synchronizer" File: Z:/Classes/CSE 369/Lab 6/user_input.sv Line: 11
Info (12128): Elaborating entity "pulse" for hierarchy "user_input:input1|pulse:pulse_detector" File: Z:/Classes/CSE 369/Lab 6/user_input.sv Line: 14
Info (12128): Elaborating entity "normal_light_rightmost" for hierarchy "normal_light_rightmost:rightmost" File: Z:/Classes/CSE 369/Lab 6/tug_of_war.sv Line: 43
Info (12128): Elaborating entity "normal_light_leftmost" for hierarchy "normal_light_leftmost:leftmost" File: Z:/Classes/CSE 369/Lab 6/tug_of_war.sv Line: 44
Info (12128): Elaborating entity "normal_light" for hierarchy "normal_light:light2" File: Z:/Classes/CSE 369/Lab 6/tug_of_war.sv Line: 47
Info (12128): Elaborating entity "center_light" for hierarchy "center_light:light5" File: Z:/Classes/CSE 369/Lab 6/tug_of_war.sv Line: 57
Info (12128): Elaborating entity "victory" for hierarchy "victory:winner_detector" File: Z:/Classes/CSE 369/Lab 6/tug_of_war.sv Line: 72
Info (286030): Timing-Driven Synthesis is running
Info (17049): 4 registers lost all their fanouts during netlist optimizations.
Info (144001): Generated suppressed messages file Z:/Classes/CSE 369/Lab 6/output_files/DE1_SoC.map.smsg
Info (16010): Generating hard_block partition "hard_block:auto_generated_inst"
    Info (16011): Adding 0 node(s), including 0 DDIO, 0 PLL, 0 transceiver and 0 LCELL
Info (21057): Implemented 58 device resources after synthesis - the final resource count might be different
    Info (21058): Implemented 15 input pins
    Info (21059): Implemented 17 output pins
    Info (21061): Implemented 26 logic cells
Info: Quartus Prime Analysis & Synthesis was successful. 0 errors, 0 warnings
    Info: Peak virtual memory: 4872 megabytes
    Info: Processing ended: Wed May 13 13:44:51 2026
    Info: Elapsed time: 00:00:08
    Info: Total CPU time (on all processors): 00:00:14


+------------------------------------------+
; Analysis & Synthesis Suppressed Messages ;
+------------------------------------------+
The suppressed messages can be found in Z:/Classes/CSE 369/Lab 6/output_files/DE1_SoC.map.smsg.


