Analysis & Synthesis report for lab8
Sat Jun 06 13:41:25 2026
Quartus Prime Version 17.0.0 Build 595 04/25/2017 SJ Lite Edition


---------------------
; Table of Contents ;
---------------------
  1. Legal Notice
  2. Analysis & Synthesis Summary
  3. Analysis & Synthesis Settings
  4. Parallel Compilation
  5. Analysis & Synthesis Source Files Read
  6. Analysis & Synthesis Resource Usage Summary
  7. Analysis & Synthesis Resource Utilization by Entity
  8. State Machine - |lab8|apple:ap|ps
  9. Registers Removed During Synthesis
 10. General Register Statistics
 11. Multiplexer Restructuring Statistics (Restructuring Performed)
 12. Parameter Settings for User Entity Instance: Top-level Entity: |lab8
 13. Parameter Settings for User Entity Instance: game_tick_gen:ticker
 14. Parameter Settings for User Entity Instance: game_state:gs
 15. Parameter Settings for User Entity Instance: snake:sn
 16. Parameter Settings for User Entity Instance: apple:ap
 17. Parameter Settings for User Entity Instance: collision_detector:cd
 18. Parameter Settings for User Entity Instance: LED_Board_Driver:led
 19. Parameter Settings for User Entity Instance: LEDDriver:display
 20. Parameter Settings for Inferred Entity Instance: score_display:scorer|lpm_divide:Mod1
 21. Parameter Settings for Inferred Entity Instance: score_display:scorer|lpm_divide:Mod0
 22. Parameter Settings for Inferred Entity Instance: score_display:scorer|lpm_divide:Div1
 23. Parameter Settings for Inferred Entity Instance: score_display:scorer|lpm_divide:Div0
 24. Parameter Settings for Inferred Entity Instance: game_tick_gen:ticker|lpm_divide:Div0
 25. Port Connectivity Checks: "LEDDriver:display"
 26. Port Connectivity Checks: "game_state:gs"
 27. Port Connectivity Checks: "nes_controller_driver:nes_driver"
 28. Post-Synthesis Netlist Statistics for Top Partition
 29. Elapsed Time Per Partition
 30. Analysis & Synthesis Messages



----------------
; Legal Notice ;
----------------
Copyright (C) 2017  Intel Corporation. All rights reserved.
Your use of Intel Corporation's design tools, logic functions 
and other software and tools, and its AMPP partner logic 
functions, and any output files from any of the foregoing 
(including device programming or simulation files), and any 
associated documentation or information are expressly subject 
to the terms and conditions of the Intel Program License 
Subscription Agreement, the Intel Quartus Prime License Agreement,
the Intel MegaCore Function License Agreement, or other 
applicable license agreement, including, without limitation, 
that your use is for the sole purpose of programming logic 
devices manufactured by Intel and sold by Intel or its 
authorized distributors.  Please refer to the applicable 
agreement for further details.



+-------------------------------------------------------------------------------+
; Analysis & Synthesis Summary                                                  ;
+---------------------------------+---------------------------------------------+
; Analysis & Synthesis Status     ; Successful - Sat Jun 06 13:41:24 2026       ;
; Quartus Prime Version           ; 17.0.0 Build 595 04/25/2017 SJ Lite Edition ;
; Revision Name                   ; lab8                                        ;
; Top-level Entity Name           ; lab8                                        ;
; Family                          ; Cyclone V                                   ;
; Logic utilization (in ALMs)     ; N/A                                         ;
; Total registers                 ; 1171                                        ;
; Total pins                      ; 92                                          ;
; Total virtual pins              ; 0                                           ;
; Total block memory bits         ; 0                                           ;
; Total DSP Blocks                ; 0                                           ;
; Total HSSI RX PCSs              ; 0                                           ;
; Total HSSI PMA RX Deserializers ; 0                                           ;
; Total HSSI TX PCSs              ; 0                                           ;
; Total HSSI PMA TX Serializers   ; 0                                           ;
; Total PLLs                      ; 0                                           ;
; Total DLLs                      ; 0                                           ;
+---------------------------------+---------------------------------------------+


+---------------------------------------------------------------------------------------------------------------------------+
; Analysis & Synthesis Settings                                                                                             ;
+---------------------------------------------------------------------------------+--------------------+--------------------+
; Option                                                                          ; Setting            ; Default Value      ;
+---------------------------------------------------------------------------------+--------------------+--------------------+
; Device                                                                          ; 5CSEMA5F31C6       ;                    ;
; Top-level entity name                                                           ; lab8               ; lab8               ;
; Family name                                                                     ; Cyclone V          ; Cyclone V          ;
; Maximum processors allowed for parallel compilation                             ; All                ;                    ;
; State Machine Processing                                                        ; User-Encoded       ; Auto               ;
; Use smart compilation                                                           ; Off                ; Off                ;
; Enable parallel Assembler and TimeQuest Timing Analyzer during compilation      ; On                 ; On                 ;
; Enable compact report table                                                     ; Off                ; Off                ;
; Restructure Multiplexers                                                        ; Auto               ; Auto               ;
; MLAB Add Timing Constraints For Mixed-Port Feed-Through Mode Setting Don't Care ; Off                ; Off                ;
; Create Debugging Nodes for IP Cores                                             ; Off                ; Off                ;
; Preserve fewer node names                                                       ; On                 ; On                 ;
; OpenCore Plus hardware evaluation                                               ; Enable             ; Enable             ;
; Verilog Version                                                                 ; Verilog_2001       ; Verilog_2001       ;
; VHDL Version                                                                    ; VHDL_1993          ; VHDL_1993          ;
; Safe State Machine                                                              ; Off                ; Off                ;
; Extract Verilog State Machines                                                  ; On                 ; On                 ;
; Extract VHDL State Machines                                                     ; On                 ; On                 ;
; Ignore Verilog initial constructs                                               ; Off                ; Off                ;
; Iteration limit for constant Verilog loops                                      ; 5000               ; 5000               ;
; Iteration limit for non-constant Verilog loops                                  ; 250                ; 250                ;
; Add Pass-Through Logic to Inferred RAMs                                         ; On                 ; On                 ;
; Infer RAMs from Raw Logic                                                       ; On                 ; On                 ;
; Parallel Synthesis                                                              ; On                 ; On                 ;
; DSP Block Balancing                                                             ; Auto               ; Auto               ;
; NOT Gate Push-Back                                                              ; On                 ; On                 ;
; Power-Up Don't Care                                                             ; On                 ; On                 ;
; Remove Redundant Logic Cells                                                    ; Off                ; Off                ;
; Remove Duplicate Registers                                                      ; On                 ; On                 ;
; Ignore CARRY Buffers                                                            ; Off                ; Off                ;
; Ignore CASCADE Buffers                                                          ; Off                ; Off                ;
; Ignore GLOBAL Buffers                                                           ; Off                ; Off                ;
; Ignore ROW GLOBAL Buffers                                                       ; Off                ; Off                ;
; Ignore LCELL Buffers                                                            ; Off                ; Off                ;
; Ignore SOFT Buffers                                                             ; On                 ; On                 ;
; Limit AHDL Integers to 32 Bits                                                  ; Off                ; Off                ;
; Optimization Technique                                                          ; Balanced           ; Balanced           ;
; Carry Chain Length                                                              ; 70                 ; 70                 ;
; Auto Carry Chains                                                               ; On                 ; On                 ;
; Auto Open-Drain Pins                                                            ; On                 ; On                 ;
; Perform WYSIWYG Primitive Resynthesis                                           ; Off                ; Off                ;
; Auto ROM Replacement                                                            ; On                 ; On                 ;
; Auto RAM Replacement                                                            ; On                 ; On                 ;
; Auto DSP Block Replacement                                                      ; On                 ; On                 ;
; Auto Shift Register Replacement                                                 ; Auto               ; Auto               ;
; Allow Shift Register Merging across Hierarchies                                 ; Auto               ; Auto               ;
; Auto Clock Enable Replacement                                                   ; On                 ; On                 ;
; Strict RAM Replacement                                                          ; Off                ; Off                ;
; Allow Synchronous Control Signals                                               ; On                 ; On                 ;
; Force Use of Synchronous Clear Signals                                          ; Off                ; Off                ;
; Auto Resource Sharing                                                           ; Off                ; Off                ;
; Allow Any RAM Size For Recognition                                              ; Off                ; Off                ;
; Allow Any ROM Size For Recognition                                              ; Off                ; Off                ;
; Allow Any Shift Register Size For Recognition                                   ; Off                ; Off                ;
; Use LogicLock Constraints during Resource Balancing                             ; On                 ; On                 ;
; Ignore translate_off and synthesis_off directives                               ; Off                ; Off                ;
; Timing-Driven Synthesis                                                         ; On                 ; On                 ;
; Report Parameter Settings                                                       ; On                 ; On                 ;
; Report Source Assignments                                                       ; On                 ; On                 ;
; Report Connectivity Checks                                                      ; On                 ; On                 ;
; Ignore Maximum Fan-Out Assignments                                              ; Off                ; Off                ;
; Synchronization Register Chain Length                                           ; 3                  ; 3                  ;
; PowerPlay Power Optimization During Synthesis                                   ; Normal compilation ; Normal compilation ;
; HDL message level                                                               ; Level2             ; Level2             ;
; Suppress Register Optimization Related Messages                                 ; Off                ; Off                ;
; Number of Removed Registers Reported in Synthesis Report                        ; 5000               ; 5000               ;
; Number of Swept Nodes Reported in Synthesis Report                              ; 5000               ; 5000               ;
; Number of Inverted Registers Reported in Synthesis Report                       ; 100                ; 100                ;
; Clock MUX Protection                                                            ; On                 ; On                 ;
; Auto Gated Clock Conversion                                                     ; Off                ; Off                ;
; Block Design Naming                                                             ; Auto               ; Auto               ;
; SDC constraint protection                                                       ; Off                ; Off                ;
; Synthesis Effort                                                                ; Auto               ; Auto               ;
; Shift Register Replacement - Allow Asynchronous Clear Signal                    ; On                 ; On                 ;
; Pre-Mapping Resynthesis Optimization                                            ; Off                ; Off                ;
; Analysis & Synthesis Message Level                                              ; Medium             ; Medium             ;
; Disable Register Merging Across Hierarchies                                     ; Auto               ; Auto               ;
; Resource Aware Inference For Block RAM                                          ; On                 ; On                 ;
; Automatic Parallel Synthesis                                                    ; On                 ; On                 ;
; Partial Reconfiguration Bitstream ID                                            ; Off                ; Off                ;
+---------------------------------------------------------------------------------+--------------------+--------------------+


+------------------------------------------+
; Parallel Compilation                     ;
+----------------------------+-------------+
; Processors                 ; Number      ;
+----------------------------+-------------+
; Number detected on machine ; 22          ;
; Maximum allowed            ; 16          ;
;                            ;             ;
; Average used               ; 1.34        ;
; Maximum used               ; 16          ;
;                            ;             ;
; Usage by Processor         ; % Time Used ;
;     Processor 1            ; 100.0%      ;
;     Processor 2            ;  12.2%      ;
;     Processor 3            ;   9.1%      ;
;     Processor 4            ;   9.1%      ;
;     Processor 5            ;   3.7%      ;
;     Processor 6            ;   0.0%      ;
;     Processor 7            ;   0.0%      ;
;     Processors 8-16        ;   0.0%      ;
+----------------------------+-------------+


+--------------------------------------------------------------------------------------------------------------------------------------------------------------------------+
; Analysis & Synthesis Source Files Read                                                                                                                                   ;
+----------------------------------+-----------------+------------------------------+----------------------------------------------------------------------------+---------+
; File Name with User-Entered Path ; Used in Netlist ; File Type                    ; File Name with Absolute Path                                               ; Library ;
+----------------------------------+-----------------+------------------------------+----------------------------------------------------------------------------+---------+
; synch.sv                         ; yes             ; User SystemVerilog HDL File  ; Z:/Classes/CSE 369/Lab 8/synch.sv                                          ;         ;
; user_input.sv                    ; yes             ; User SystemVerilog HDL File  ; Z:/Classes/CSE 369/Lab 8/user_input.sv                                     ;         ;
; lfsr8bit.sv                      ; yes             ; User SystemVerilog HDL File  ; Z:/Classes/CSE 369/Lab 8/lfsr8bit.sv                                       ;         ;
; LEDDriver.sv                     ; yes             ; User SystemVerilog HDL File  ; Z:/Classes/CSE 369/Lab 8/LEDDriver.sv                                      ;         ;
; game_state.sv                    ; yes             ; User SystemVerilog HDL File  ; Z:/Classes/CSE 369/Lab 8/game_state.sv                                     ;         ;
; snake.sv                         ; yes             ; User SystemVerilog HDL File  ; Z:/Classes/CSE 369/Lab 8/snake.sv                                          ;         ;
; apple.sv                         ; yes             ; User SystemVerilog HDL File  ; Z:/Classes/CSE 369/Lab 8/apple.sv                                          ;         ;
; collision_detector.sv            ; yes             ; User SystemVerilog HDL File  ; Z:/Classes/CSE 369/Lab 8/collision_detector.sv                             ;         ;
; LED_Board_Driver.sv              ; yes             ; User SystemVerilog HDL File  ; Z:/Classes/CSE 369/Lab 8/LED_Board_Driver.sv                               ;         ;
; game_tick_gen.sv                 ; yes             ; User SystemVerilog HDL File  ; Z:/Classes/CSE 369/Lab 8/game_tick_gen.sv                                  ;         ;
; nes_controller_driver.sv         ; yes             ; User SystemVerilog HDL File  ; Z:/Classes/CSE 369/Lab 8/nes_controller_driver.sv                          ;         ;
; hex_decoder.sv                   ; yes             ; User SystemVerilog HDL File  ; Z:/Classes/CSE 369/Lab 8/hex_decoder.sv                                    ;         ;
; score_display.sv                 ; yes             ; User SystemVerilog HDL File  ; Z:/Classes/CSE 369/Lab 8/score_display.sv                                  ;         ;
; lab8.sv                          ; yes             ; User SystemVerilog HDL File  ; Z:/Classes/CSE 369/Lab 8/lab8.sv                                           ;         ;
; lpm_divide.tdf                   ; yes             ; Megafunction                 ; c:/intelfpga_lite/17.0/quartus/libraries/megafunctions/lpm_divide.tdf      ;         ;
; abs_divider.inc                  ; yes             ; Megafunction                 ; c:/intelfpga_lite/17.0/quartus/libraries/megafunctions/abs_divider.inc     ;         ;
; sign_div_unsign.inc              ; yes             ; Megafunction                 ; c:/intelfpga_lite/17.0/quartus/libraries/megafunctions/sign_div_unsign.inc ;         ;
; aglobal170.inc                   ; yes             ; Megafunction                 ; c:/intelfpga_lite/17.0/quartus/libraries/megafunctions/aglobal170.inc      ;         ;
; db/lpm_divide_82m.tdf            ; yes             ; Auto-Generated Megafunction  ; Z:/Classes/CSE 369/Lab 8/db/lpm_divide_82m.tdf                             ;         ;
; db/sign_div_unsign_bkh.tdf       ; yes             ; Auto-Generated Megafunction  ; Z:/Classes/CSE 369/Lab 8/db/sign_div_unsign_bkh.tdf                        ;         ;
; db/alt_u_div_sse.tdf             ; yes             ; Auto-Generated Megafunction  ; Z:/Classes/CSE 369/Lab 8/db/alt_u_div_sse.tdf                              ;         ;
; db/lpm_divide_b2m.tdf            ; yes             ; Auto-Generated Megafunction  ; Z:/Classes/CSE 369/Lab 8/db/lpm_divide_b2m.tdf                             ;         ;
; db/sign_div_unsign_ekh.tdf       ; yes             ; Auto-Generated Megafunction  ; Z:/Classes/CSE 369/Lab 8/db/sign_div_unsign_ekh.tdf                        ;         ;
; db/alt_u_div_2te.tdf             ; yes             ; Auto-Generated Megafunction  ; Z:/Classes/CSE 369/Lab 8/db/alt_u_div_2te.tdf                              ;         ;
; db/lpm_divide_4am.tdf            ; yes             ; Auto-Generated Megafunction  ; Z:/Classes/CSE 369/Lab 8/db/lpm_divide_4am.tdf                             ;         ;
; db/sign_div_unsign_akh.tdf       ; yes             ; Auto-Generated Megafunction  ; Z:/Classes/CSE 369/Lab 8/db/sign_div_unsign_akh.tdf                        ;         ;
; db/alt_u_div_qse.tdf             ; yes             ; Auto-Generated Megafunction  ; Z:/Classes/CSE 369/Lab 8/db/alt_u_div_qse.tdf                              ;         ;
; db/lpm_divide_8am.tdf            ; yes             ; Auto-Generated Megafunction  ; Z:/Classes/CSE 369/Lab 8/db/lpm_divide_8am.tdf                             ;         ;
; db/lpm_divide_qbm.tdf            ; yes             ; Auto-Generated Megafunction  ; Z:/Classes/CSE 369/Lab 8/db/lpm_divide_qbm.tdf                             ;         ;
; db/sign_div_unsign_0mh.tdf       ; yes             ; Auto-Generated Megafunction  ; Z:/Classes/CSE 369/Lab 8/db/sign_div_unsign_0mh.tdf                        ;         ;
; db/alt_u_div_60f.tdf             ; yes             ; Auto-Generated Megafunction  ; Z:/Classes/CSE 369/Lab 8/db/alt_u_div_60f.tdf                              ;         ;
+----------------------------------+-----------------+------------------------------+----------------------------------------------------------------------------+---------+


+--------------------------------------------------------------+
; Analysis & Synthesis Resource Usage Summary                  ;
+---------------------------------------------+----------------+
; Resource                                    ; Usage          ;
+---------------------------------------------+----------------+
; Estimate of Logic utilization (ALMs needed) ; 7011           ;
;                                             ;                ;
; Combinational ALUT usage for logic          ; 13485          ;
;     -- 7 input functions                    ; 0              ;
;     -- 6 input functions                    ; 485            ;
;     -- 5 input functions                    ; 6167           ;
;     -- 4 input functions                    ; 5992           ;
;     -- <=3 input functions                  ; 841            ;
;                                             ;                ;
; Dedicated logic registers                   ; 1171           ;
;                                             ;                ;
; I/O pins                                    ; 92             ;
;                                             ;                ;
; Total DSP Blocks                            ; 0              ;
;                                             ;                ;
; Maximum fan-out node                        ; CLOCK_50~input ;
; Maximum fan-out                             ; 1171           ;
; Total fan-out                               ; 64298          ;
; Average fan-out                             ; 4.33           ;
+---------------------------------------------+----------------+


+------------------------------------------------------------------------------------------------------------------------------------------------------------------------------------------------------------------------------------------------------------------------------------------------------------------------+
; Analysis & Synthesis Resource Utilization by Entity                                                                                                                                                                                                                                                                    ;
+-------------------------------------------+---------------------+---------------------------+-------------------+------------+------+--------------+----------------------------------------------------------------------------------------------------------------------------+-----------------------+--------------+
; Compilation Hierarchy Node                ; Combinational ALUTs ; Dedicated Logic Registers ; Block Memory Bits ; DSP Blocks ; Pins ; Virtual Pins ; Full Hierarchy Name                                                                                                        ; Entity Name           ; Library Name ;
+-------------------------------------------+---------------------+---------------------------+-------------------+------------+------+--------------+----------------------------------------------------------------------------------------------------------------------------+-----------------------+--------------+
; |lab8                                     ; 13485 (21)          ; 1171 (550)                ; 0                 ; 0          ; 92   ; 0            ; |lab8                                                                                                                      ; lab8                  ; work         ;
;    |LEDDriver:display|                    ; 179 (179)           ; 19 (19)                   ; 0                 ; 0          ; 0    ; 0            ; |lab8|LEDDriver:display                                                                                                    ; LEDDriver             ; work         ;
;    |LED_Board_Driver:led|                 ; 11623 (11623)       ; 0 (0)                     ; 0                 ; 0          ; 0    ; 0            ; |lab8|LED_Board_Driver:led                                                                                                 ; LED_Board_Driver      ; work         ;
;    |apple:ap|                             ; 304 (303)           ; 17 (9)                    ; 0                 ; 0          ; 0    ; 0            ; |lab8|apple:ap                                                                                                             ; apple                 ; work         ;
;       |lfsr8bit:bingbongLFSR|             ; 1 (1)               ; 8 (8)                     ; 0                 ; 0          ; 0    ; 0            ; |lab8|apple:ap|lfsr8bit:bingbongLFSR                                                                                       ; lfsr8bit              ; work         ;
;    |collision_detector:cd|                ; 365 (365)           ; 0 (0)                     ; 0                 ; 0          ; 0    ; 0            ; |lab8|collision_detector:cd                                                                                                ; collision_detector    ; work         ;
;    |game_state:gs|                        ; 11 (11)             ; 2 (2)                     ; 0                 ; 0          ; 0    ; 0            ; |lab8|game_state:gs                                                                                                        ; game_state            ; work         ;
;    |game_tick_gen:ticker|                 ; 602 (125)           ; 32 (32)                   ; 0                 ; 0          ; 0    ; 0            ; |lab8|game_tick_gen:ticker                                                                                                 ; game_tick_gen         ; work         ;
;       |lpm_divide:Div0|                   ; 477 (0)             ; 0 (0)                     ; 0                 ; 0          ; 0    ; 0            ; |lab8|game_tick_gen:ticker|lpm_divide:Div0                                                                                 ; lpm_divide            ; work         ;
;          |lpm_divide_qbm:auto_generated|  ; 477 (0)             ; 0 (0)                     ; 0                 ; 0          ; 0    ; 0            ; |lab8|game_tick_gen:ticker|lpm_divide:Div0|lpm_divide_qbm:auto_generated                                                   ; lpm_divide_qbm        ; work         ;
;             |sign_div_unsign_0mh:divider| ; 477 (0)             ; 0 (0)                     ; 0                 ; 0          ; 0    ; 0            ; |lab8|game_tick_gen:ticker|lpm_divide:Div0|lpm_divide_qbm:auto_generated|sign_div_unsign_0mh:divider                       ; sign_div_unsign_0mh   ; work         ;
;                |alt_u_div_60f:divider|    ; 477 (477)           ; 0 (0)                     ; 0                 ; 0          ; 0    ; 0            ; |lab8|game_tick_gen:ticker|lpm_divide:Div0|lpm_divide_qbm:auto_generated|sign_div_unsign_0mh:divider|alt_u_div_60f:divider ; alt_u_div_60f         ; work         ;
;    |nes_controller_driver:nes_driver|     ; 25 (25)             ; 15 (15)                   ; 0                 ; 0          ; 0    ; 0            ; |lab8|nes_controller_driver:nes_driver                                                                                     ; nes_controller_driver ; work         ;
;    |score_display:scorer|                 ; 174 (14)            ; 0 (0)                     ; 0                 ; 0          ; 0    ; 0            ; |lab8|score_display:scorer                                                                                                 ; score_display         ; work         ;
;       |hex_decoder:d0|                    ; 7 (7)               ; 0 (0)                     ; 0                 ; 0          ; 0    ; 0            ; |lab8|score_display:scorer|hex_decoder:d0                                                                                  ; hex_decoder           ; work         ;
;       |hex_decoder:d1|                    ; 7 (7)               ; 0 (0)                     ; 0                 ; 0          ; 0    ; 0            ; |lab8|score_display:scorer|hex_decoder:d1                                                                                  ; hex_decoder           ; work         ;
;       |hex_decoder:d2|                    ; 3 (3)               ; 0 (0)                     ; 0                 ; 0          ; 0    ; 0            ; |lab8|score_display:scorer|hex_decoder:d2                                                                                  ; hex_decoder           ; work         ;
;       |lpm_divide:Div0|                   ; 19 (0)              ; 0 (0)                     ; 0                 ; 0          ; 0    ; 0            ; |lab8|score_display:scorer|lpm_divide:Div0                                                                                 ; lpm_divide            ; work         ;
;          |lpm_divide_8am:auto_generated|  ; 19 (0)              ; 0 (0)                     ; 0                 ; 0          ; 0    ; 0            ; |lab8|score_display:scorer|lpm_divide:Div0|lpm_divide_8am:auto_generated                                                   ; lpm_divide_8am        ; work         ;
;             |sign_div_unsign_ekh:divider| ; 19 (0)              ; 0 (0)                     ; 0                 ; 0          ; 0    ; 0            ; |lab8|score_display:scorer|lpm_divide:Div0|lpm_divide_8am:auto_generated|sign_div_unsign_ekh:divider                       ; sign_div_unsign_ekh   ; work         ;
;                |alt_u_div_2te:divider|    ; 19 (19)             ; 0 (0)                     ; 0                 ; 0          ; 0    ; 0            ; |lab8|score_display:scorer|lpm_divide:Div0|lpm_divide_8am:auto_generated|sign_div_unsign_ekh:divider|alt_u_div_2te:divider ; alt_u_div_2te         ; work         ;
;       |lpm_divide:Div1|                   ; 36 (0)              ; 0 (0)                     ; 0                 ; 0          ; 0    ; 0            ; |lab8|score_display:scorer|lpm_divide:Div1                                                                                 ; lpm_divide            ; work         ;
;          |lpm_divide_4am:auto_generated|  ; 36 (0)              ; 0 (0)                     ; 0                 ; 0          ; 0    ; 0            ; |lab8|score_display:scorer|lpm_divide:Div1|lpm_divide_4am:auto_generated                                                   ; lpm_divide_4am        ; work         ;
;             |sign_div_unsign_akh:divider| ; 36 (0)              ; 0 (0)                     ; 0                 ; 0          ; 0    ; 0            ; |lab8|score_display:scorer|lpm_divide:Div1|lpm_divide_4am:auto_generated|sign_div_unsign_akh:divider                       ; sign_div_unsign_akh   ; work         ;
;                |alt_u_div_qse:divider|    ; 36 (36)             ; 0 (0)                     ; 0                 ; 0          ; 0    ; 0            ; |lab8|score_display:scorer|lpm_divide:Div1|lpm_divide_4am:auto_generated|sign_div_unsign_akh:divider|alt_u_div_qse:divider ; alt_u_div_qse         ; work         ;
;       |lpm_divide:Mod0|                   ; 38 (0)              ; 0 (0)                     ; 0                 ; 0          ; 0    ; 0            ; |lab8|score_display:scorer|lpm_divide:Mod0                                                                                 ; lpm_divide            ; work         ;
;          |lpm_divide_b2m:auto_generated|  ; 38 (0)              ; 0 (0)                     ; 0                 ; 0          ; 0    ; 0            ; |lab8|score_display:scorer|lpm_divide:Mod0|lpm_divide_b2m:auto_generated                                                   ; lpm_divide_b2m        ; work         ;
;             |sign_div_unsign_ekh:divider| ; 38 (0)              ; 0 (0)                     ; 0                 ; 0          ; 0    ; 0            ; |lab8|score_display:scorer|lpm_divide:Mod0|lpm_divide_b2m:auto_generated|sign_div_unsign_ekh:divider                       ; sign_div_unsign_ekh   ; work         ;
;                |alt_u_div_2te:divider|    ; 38 (38)             ; 0 (0)                     ; 0                 ; 0          ; 0    ; 0            ; |lab8|score_display:scorer|lpm_divide:Mod0|lpm_divide_b2m:auto_generated|sign_div_unsign_ekh:divider|alt_u_div_2te:divider ; alt_u_div_2te         ; work         ;
;       |lpm_divide:Mod1|                   ; 50 (0)              ; 0 (0)                     ; 0                 ; 0          ; 0    ; 0            ; |lab8|score_display:scorer|lpm_divide:Mod1                                                                                 ; lpm_divide            ; work         ;
;          |lpm_divide_82m:auto_generated|  ; 50 (0)              ; 0 (0)                     ; 0                 ; 0          ; 0    ; 0            ; |lab8|score_display:scorer|lpm_divide:Mod1|lpm_divide_82m:auto_generated                                                   ; lpm_divide_82m        ; work         ;
;             |sign_div_unsign_bkh:divider| ; 50 (0)              ; 0 (0)                     ; 0                 ; 0          ; 0    ; 0            ; |lab8|score_display:scorer|lpm_divide:Mod1|lpm_divide_82m:auto_generated|sign_div_unsign_bkh:divider                       ; sign_div_unsign_bkh   ; work         ;
;                |alt_u_div_sse:divider|    ; 50 (50)             ; 0 (0)                     ; 0                 ; 0          ; 0    ; 0            ; |lab8|score_display:scorer|lpm_divide:Mod1|lpm_divide_82m:auto_generated|sign_div_unsign_bkh:divider|alt_u_div_sse:divider ; alt_u_div_sse         ; work         ;
;    |snake:sn|                             ; 176 (176)           ; 524 (524)                 ; 0                 ; 0          ; 0    ; 0            ; |lab8|snake:sn                                                                                                             ; snake                 ; work         ;
;    |user_input:ui|                        ; 5 (5)               ; 12 (4)                    ; 0                 ; 0          ; 0    ; 0            ; |lab8|user_input:ui                                                                                                        ; user_input            ; work         ;
;       |synch:synchronizer0|               ; 0 (0)               ; 2 (2)                     ; 0                 ; 0          ; 0    ; 0            ; |lab8|user_input:ui|synch:synchronizer0                                                                                    ; synch                 ; work         ;
;       |synch:synchronizer1|               ; 0 (0)               ; 2 (2)                     ; 0                 ; 0          ; 0    ; 0            ; |lab8|user_input:ui|synch:synchronizer1                                                                                    ; synch                 ; work         ;
;       |synch:synchronizer2|               ; 0 (0)               ; 2 (2)                     ; 0                 ; 0          ; 0    ; 0            ; |lab8|user_input:ui|synch:synchronizer2                                                                                    ; synch                 ; work         ;
;       |synch:synchronizer3|               ; 0 (0)               ; 2 (2)                     ; 0                 ; 0          ; 0    ; 0            ; |lab8|user_input:ui|synch:synchronizer3                                                                                    ; synch                 ; work         ;
+-------------------------------------------+---------------------+---------------------------+-------------------+------------+------+--------------+----------------------------------------------------------------------------------------------------------------------------+-----------------------+--------------+
Note: For table entries with two numbers listed, the numbers in parentheses indicate the number of resources of the given type used by the specific entity alone. The numbers listed outside of parentheses indicate the total resources of the given type used by the specific entity and all of its sub-entities in the hierarchy.


Encoding Type:  User-Encoded
+-----------------------------------+
; State Machine - |lab8|apple:ap|ps ;
+--------------+--------------------+
; Name         ; ps~2               ;
+--------------+--------------------+
; ps.IDLE      ; 0                  ;
; ps.SEARCHING ; 1                  ;
+--------------+--------------------+


+------------------------------------------------------------+
; Registers Removed During Synthesis                         ;
+---------------------------------------+--------------------+
; Register name                         ; Reason for Removal ;
+---------------------------------------+--------------------+
; apple:ap|ps~3                         ; Lost fanout        ;
; Total Number of Removed Registers = 1 ;                    ;
+---------------------------------------+--------------------+


+------------------------------------------------------+
; General Register Statistics                          ;
+----------------------------------------------+-------+
; Statistic                                    ; Value ;
+----------------------------------------------+-------+
; Total registers                              ; 1171  ;
; Number of registers using Synchronous Clear  ; 1031  ;
; Number of registers using Synchronous Load   ; 69    ;
; Number of registers using Asynchronous Clear ; 0     ;
; Number of registers using Asynchronous Load  ; 0     ;
; Number of registers using Clock Enable       ; 993   ;
; Number of registers using Preset             ; 0     ;
+----------------------------------------------+-------+


+---------------------------------------------------------------------------------------------------------------------------------------------------------------------+
; Multiplexer Restructuring Statistics (Restructuring Performed)                                                                                                      ;
+--------------------+-----------+---------------+----------------------+------------------------+------------+-------------------------------------------------------+
; Multiplexer Inputs ; Bus Width ; Baseline Area ; Area if Restructured ; Saving if Restructured ; Registered ; Example Multiplexer Output                            ;
+--------------------+-----------+---------------+----------------------+------------------------+------------+-------------------------------------------------------+
; 3:1                ; 256 bits  ; 512 LEs       ; 0 LEs                ; 512 LEs                ; Yes        ; |lab8|RedPixels[10][13]                               ;
; 3:1                ; 4 bits    ; 8 LEs         ; 4 LEs                ; 4 LEs                  ; Yes        ; |lab8|apple:ap|apple_x[2]                             ;
; 3:1                ; 4 bits    ; 8 LEs         ; 4 LEs                ; 4 LEs                  ; Yes        ; |lab8|apple:ap|apple_y[3]                             ;
; 22:1               ; 3 bits    ; 42 LEs        ; 3 LEs                ; 39 LEs                 ; Yes        ; |lab8|snake:sn|current_dir[3]                         ;
; 3:1                ; 2 bits    ; 4 LEs         ; 4 LEs                ; 0 LEs                  ; No         ; |lab8|game_state:gs|display5                          ;
; 3:1                ; 2 bits    ; 4 LEs         ; 4 LEs                ; 0 LEs                  ; No         ; |lab8|apple:ap|ps                                     ;
; 16:1               ; 32 bits   ; 320 LEs       ; 320 LEs              ; 0 LEs                  ; No         ; |lab8|LEDDriver:display|Mux5                          ;
; 3:1                ; 2 bits    ; 4 LEs         ; 2 LEs                ; 2 LEs                  ; Yes        ; |lab8|snake:sn|snake_len[1]                           ;
; 3:1                ; 6 bits    ; 12 LEs        ; 6 LEs                ; 6 LEs                  ; Yes        ; |lab8|snake:sn|snake_len[2]                           ;
; 3:1                ; 7 bits    ; 14 LEs        ; 7 LEs                ; 7 LEs                  ; Yes        ; |lab8|snake:sn|snake_array[59][3]                     ;
; 3:1                ; 7 bits    ; 14 LEs        ; 7 LEs                ; 7 LEs                  ; Yes        ; |lab8|snake:sn|snake_array[60][3]                     ;
; 3:1                ; 7 bits    ; 14 LEs        ; 7 LEs                ; 7 LEs                  ; Yes        ; |lab8|snake:sn|snake_array[61][4]                     ;
; 3:1                ; 7 bits    ; 14 LEs        ; 7 LEs                ; 7 LEs                  ; Yes        ; |lab8|snake:sn|snake_array[62][1]                     ;
; 3:1                ; 7 bits    ; 14 LEs        ; 7 LEs                ; 7 LEs                  ; Yes        ; |lab8|snake:sn|snake_array[63][1]                     ;
; 3:1                ; 7 bits    ; 14 LEs        ; 7 LEs                ; 7 LEs                  ; Yes        ; |lab8|snake:sn|snake_array[58][7]                     ;
; 3:1                ; 7 bits    ; 14 LEs        ; 7 LEs                ; 7 LEs                  ; Yes        ; |lab8|snake:sn|snake_array[57][6]                     ;
; 3:1                ; 7 bits    ; 14 LEs        ; 7 LEs                ; 7 LEs                  ; Yes        ; |lab8|snake:sn|snake_array[56][5]                     ;
; 3:1                ; 7 bits    ; 14 LEs        ; 7 LEs                ; 7 LEs                  ; Yes        ; |lab8|snake:sn|snake_array[55][4]                     ;
; 3:1                ; 7 bits    ; 14 LEs        ; 7 LEs                ; 7 LEs                  ; Yes        ; |lab8|snake:sn|snake_array[54][7]                     ;
; 3:1                ; 7 bits    ; 14 LEs        ; 7 LEs                ; 7 LEs                  ; Yes        ; |lab8|snake:sn|snake_array[53][6]                     ;
; 3:1                ; 7 bits    ; 14 LEs        ; 7 LEs                ; 7 LEs                  ; Yes        ; |lab8|snake:sn|snake_array[52][1]                     ;
; 3:1                ; 7 bits    ; 14 LEs        ; 7 LEs                ; 7 LEs                  ; Yes        ; |lab8|snake:sn|snake_array[51][1]                     ;
; 3:1                ; 7 bits    ; 14 LEs        ; 7 LEs                ; 7 LEs                  ; Yes        ; |lab8|snake:sn|snake_array[50][7]                     ;
; 3:1                ; 7 bits    ; 14 LEs        ; 7 LEs                ; 7 LEs                  ; Yes        ; |lab8|snake:sn|snake_array[49][6]                     ;
; 3:1                ; 7 bits    ; 14 LEs        ; 7 LEs                ; 7 LEs                  ; Yes        ; |lab8|snake:sn|snake_array[48][5]                     ;
; 3:1                ; 7 bits    ; 14 LEs        ; 7 LEs                ; 7 LEs                  ; Yes        ; |lab8|snake:sn|snake_array[47][6]                     ;
; 3:1                ; 7 bits    ; 14 LEs        ; 7 LEs                ; 7 LEs                  ; Yes        ; |lab8|snake:sn|snake_array[46][7]                     ;
; 3:1                ; 7 bits    ; 14 LEs        ; 7 LEs                ; 7 LEs                  ; Yes        ; |lab8|snake:sn|snake_array[45][7]                     ;
; 3:1                ; 7 bits    ; 14 LEs        ; 7 LEs                ; 7 LEs                  ; Yes        ; |lab8|snake:sn|snake_array[44][1]                     ;
; 3:1                ; 7 bits    ; 14 LEs        ; 7 LEs                ; 7 LEs                  ; Yes        ; |lab8|snake:sn|snake_array[43][1]                     ;
; 3:1                ; 7 bits    ; 14 LEs        ; 7 LEs                ; 7 LEs                  ; Yes        ; |lab8|snake:sn|snake_array[42][7]                     ;
; 3:1                ; 7 bits    ; 14 LEs        ; 7 LEs                ; 7 LEs                  ; Yes        ; |lab8|snake:sn|snake_array[41][6]                     ;
; 3:1                ; 7 bits    ; 14 LEs        ; 7 LEs                ; 7 LEs                  ; Yes        ; |lab8|snake:sn|snake_array[40][6]                     ;
; 3:1                ; 7 bits    ; 14 LEs        ; 7 LEs                ; 7 LEs                  ; Yes        ; |lab8|snake:sn|snake_array[39][6]                     ;
; 3:1                ; 7 bits    ; 14 LEs        ; 7 LEs                ; 7 LEs                  ; Yes        ; |lab8|snake:sn|snake_array[38][7]                     ;
; 3:1                ; 7 bits    ; 14 LEs        ; 7 LEs                ; 7 LEs                  ; Yes        ; |lab8|snake:sn|snake_array[37][6]                     ;
; 3:1                ; 7 bits    ; 14 LEs        ; 7 LEs                ; 7 LEs                  ; Yes        ; |lab8|snake:sn|snake_array[36][1]                     ;
; 3:1                ; 7 bits    ; 14 LEs        ; 7 LEs                ; 7 LEs                  ; Yes        ; |lab8|snake:sn|snake_array[35][6]                     ;
; 3:1                ; 7 bits    ; 14 LEs        ; 7 LEs                ; 7 LEs                  ; Yes        ; |lab8|snake:sn|snake_array[34][1]                     ;
; 3:1                ; 7 bits    ; 14 LEs        ; 7 LEs                ; 7 LEs                  ; Yes        ; |lab8|snake:sn|snake_array[33][7]                     ;
; 3:1                ; 7 bits    ; 14 LEs        ; 7 LEs                ; 7 LEs                  ; Yes        ; |lab8|snake:sn|snake_array[32][6]                     ;
; 3:1                ; 7 bits    ; 14 LEs        ; 7 LEs                ; 7 LEs                  ; Yes        ; |lab8|snake:sn|snake_array[31][7]                     ;
; 3:1                ; 7 bits    ; 14 LEs        ; 7 LEs                ; 7 LEs                  ; Yes        ; |lab8|snake:sn|snake_array[30][5]                     ;
; 3:1                ; 7 bits    ; 14 LEs        ; 7 LEs                ; 7 LEs                  ; Yes        ; |lab8|snake:sn|snake_array[29][1]                     ;
; 3:1                ; 7 bits    ; 14 LEs        ; 7 LEs                ; 7 LEs                  ; Yes        ; |lab8|snake:sn|snake_array[28][7]                     ;
; 3:1                ; 7 bits    ; 14 LEs        ; 7 LEs                ; 7 LEs                  ; Yes        ; |lab8|snake:sn|snake_array[27][6]                     ;
; 3:1                ; 7 bits    ; 14 LEs        ; 7 LEs                ; 7 LEs                  ; Yes        ; |lab8|snake:sn|snake_array[26][1]                     ;
; 3:1                ; 7 bits    ; 14 LEs        ; 7 LEs                ; 7 LEs                  ; Yes        ; |lab8|snake:sn|snake_array[25][6]                     ;
; 3:1                ; 7 bits    ; 14 LEs        ; 7 LEs                ; 7 LEs                  ; Yes        ; |lab8|snake:sn|snake_array[24][6]                     ;
; 3:1                ; 7 bits    ; 14 LEs        ; 7 LEs                ; 7 LEs                  ; Yes        ; |lab8|snake:sn|snake_array[23][1]                     ;
; 3:1                ; 7 bits    ; 14 LEs        ; 7 LEs                ; 7 LEs                  ; Yes        ; |lab8|snake:sn|snake_array[22][6]                     ;
; 3:1                ; 7 bits    ; 14 LEs        ; 7 LEs                ; 7 LEs                  ; Yes        ; |lab8|snake:sn|snake_array[21][4]                     ;
; 3:1                ; 7 bits    ; 14 LEs        ; 7 LEs                ; 7 LEs                  ; Yes        ; |lab8|snake:sn|snake_array[20][7]                     ;
; 3:1                ; 7 bits    ; 14 LEs        ; 7 LEs                ; 7 LEs                  ; Yes        ; |lab8|snake:sn|snake_array[19][6]                     ;
; 3:1                ; 7 bits    ; 14 LEs        ; 7 LEs                ; 7 LEs                  ; Yes        ; |lab8|snake:sn|snake_array[18][1]                     ;
; 3:1                ; 7 bits    ; 14 LEs        ; 7 LEs                ; 7 LEs                  ; Yes        ; |lab8|snake:sn|snake_array[17][1]                     ;
; 3:1                ; 7 bits    ; 14 LEs        ; 7 LEs                ; 7 LEs                  ; Yes        ; |lab8|snake:sn|snake_array[16][6]                     ;
; 3:1                ; 7 bits    ; 14 LEs        ; 7 LEs                ; 7 LEs                  ; Yes        ; |lab8|snake:sn|snake_array[15][7]                     ;
; 3:1                ; 7 bits    ; 14 LEs        ; 7 LEs                ; 7 LEs                  ; Yes        ; |lab8|snake:sn|snake_array[14][7]                     ;
; 3:1                ; 7 bits    ; 14 LEs        ; 7 LEs                ; 7 LEs                  ; Yes        ; |lab8|snake:sn|snake_array[13][1]                     ;
; 3:1                ; 7 bits    ; 14 LEs        ; 7 LEs                ; 7 LEs                  ; Yes        ; |lab8|snake:sn|snake_array[12][7]                     ;
; 3:1                ; 7 bits    ; 14 LEs        ; 7 LEs                ; 7 LEs                  ; Yes        ; |lab8|snake:sn|snake_array[11][7]                     ;
; 3:1                ; 7 bits    ; 14 LEs        ; 7 LEs                ; 7 LEs                  ; Yes        ; |lab8|snake:sn|snake_array[10][1]                     ;
; 3:1                ; 7 bits    ; 14 LEs        ; 7 LEs                ; 7 LEs                  ; Yes        ; |lab8|snake:sn|snake_array[9][1]                      ;
; 3:1                ; 7 bits    ; 14 LEs        ; 7 LEs                ; 7 LEs                  ; Yes        ; |lab8|snake:sn|snake_array[8][7]                      ;
; 3:1                ; 7 bits    ; 14 LEs        ; 7 LEs                ; 7 LEs                  ; Yes        ; |lab8|snake:sn|snake_array[7][6]                      ;
; 3:1                ; 7 bits    ; 14 LEs        ; 7 LEs                ; 7 LEs                  ; Yes        ; |lab8|snake:sn|snake_array[6][5]                      ;
; 3:1                ; 7 bits    ; 14 LEs        ; 7 LEs                ; 7 LEs                  ; Yes        ; |lab8|snake:sn|snake_array[5][4]                      ;
; 3:1                ; 7 bits    ; 14 LEs        ; 7 LEs                ; 7 LEs                  ; Yes        ; |lab8|snake:sn|snake_array[4][7]                      ;
; 3:1                ; 7 bits    ; 14 LEs        ; 7 LEs                ; 7 LEs                  ; Yes        ; |lab8|snake:sn|snake_array[3][6]                      ;
; 3:1                ; 3 bits    ; 6 LEs         ; 3 LEs                ; 3 LEs                  ; Yes        ; |lab8|snake:sn|snake_array[2][3]                      ;
; 3:1                ; 5 bits    ; 10 LEs        ; 5 LEs                ; 5 LEs                  ; Yes        ; |lab8|snake:sn|snake_array[2][0]                      ;
; 3:1                ; 4 bits    ; 8 LEs         ; 4 LEs                ; 4 LEs                  ; Yes        ; |lab8|snake:sn|snake_array[1][3]                      ;
; 3:1                ; 4 bits    ; 8 LEs         ; 4 LEs                ; 4 LEs                  ; Yes        ; |lab8|snake:sn|snake_array[1][0]                      ;
; 5:1                ; 3 bits    ; 9 LEs         ; 6 LEs                ; 3 LEs                  ; Yes        ; |lab8|snake:sn|snake_array[0][4]                      ;
; 5:1                ; 3 bits    ; 9 LEs         ; 6 LEs                ; 3 LEs                  ; Yes        ; |lab8|snake:sn|snake_array[0][0]                      ;
; 3:1                ; 14 bits   ; 28 LEs        ; 0 LEs                ; 28 LEs                 ; Yes        ; |lab8|nes_div_count[13]                               ;
; 3:1                ; 4 bits    ; 8 LEs         ; 4 LEs                ; 4 LEs                  ; Yes        ; |lab8|nes_controller_driver:nes_driver|buttons_reg[6] ;
; 3:1                ; 4 bits    ; 8 LEs         ; 4 LEs                ; 4 LEs                  ; Yes        ; |lab8|user_input:ui|dir[0]                            ;
; 3:1                ; 32 bits   ; 64 LEs        ; 0 LEs                ; 64 LEs                 ; Yes        ; |lab8|game_tick_gen:ticker|count[28]                  ;
; 22:1               ; 5 bits    ; 70 LEs        ; 70 LEs               ; 0 LEs                  ; Yes        ; |lab8|nes_controller_driver:nes_driver|state_reg[0]   ;
+--------------------+-----------+---------------+----------------------+------------------------+------------+-------------------------------------------------------+


+----------------------------------------------------------------------+
; Parameter Settings for User Entity Instance: Top-level Entity: |lab8 ;
+----------------+----------+------------------------------------------+
; Parameter Name ; Value    ; Type                                     ;
+----------------+----------+------------------------------------------+
; MAX_LENGTH     ; 64       ; Signed Integer                           ;
; TICKS_PER_SEC  ; 4        ; Signed Integer                           ;
; CLK_FREQ       ; 50000000 ; Signed Integer                           ;
+----------------+----------+------------------------------------------+
Note: In order to hide this table in the UI and the text report file, please set the "Show Parameter Settings in Synthesis Report" option in "Analysis and Synthesis Settings -> More Settings" to "Off".


+-------------------------------------------------------------------+
; Parameter Settings for User Entity Instance: game_tick_gen:ticker ;
+----------------+----------+---------------------------------------+
; Parameter Name ; Value    ; Type                                  ;
+----------------+----------+---------------------------------------+
; CLK_FREQ       ; 50000000 ; Signed Integer                        ;
; TICKS_PER_SEC  ; 4        ; Signed Integer                        ;
+----------------+----------+---------------------------------------+
Note: In order to hide this table in the UI and the text report file, please set the "Show Parameter Settings in Synthesis Report" option in "Analysis and Synthesis Settings -> More Settings" to "Off".


+------------------------------------------------------------+
; Parameter Settings for User Entity Instance: game_state:gs ;
+------------------+-------+---------------------------------+
; Parameter Name   ; Value ; Type                            ;
+------------------+-------+---------------------------------+
; MAX_SNAKE_LENGTH ; 64    ; Signed Integer                  ;
+------------------+-------+---------------------------------+
Note: In order to hide this table in the UI and the text report file, please set the "Show Parameter Settings in Synthesis Report" option in "Analysis and Synthesis Settings -> More Settings" to "Off".


+-------------------------------------------------------+
; Parameter Settings for User Entity Instance: snake:sn ;
+----------------+-------+------------------------------+
; Parameter Name ; Value ; Type                         ;
+----------------+-------+------------------------------+
; MAX_LENGTH     ; 64    ; Signed Integer               ;
+----------------+-------+------------------------------+
Note: In order to hide this table in the UI and the text report file, please set the "Show Parameter Settings in Synthesis Report" option in "Analysis and Synthesis Settings -> More Settings" to "Off".


+-------------------------------------------------------+
; Parameter Settings for User Entity Instance: apple:ap ;
+----------------+-------+------------------------------+
; Parameter Name ; Value ; Type                         ;
+----------------+-------+------------------------------+
; MAX_LENGTH     ; 64    ; Signed Integer               ;
+----------------+-------+------------------------------+
Note: In order to hide this table in the UI and the text report file, please set the "Show Parameter Settings in Synthesis Report" option in "Analysis and Synthesis Settings -> More Settings" to "Off".


+--------------------------------------------------------------------+
; Parameter Settings for User Entity Instance: collision_detector:cd ;
+----------------+-------+-------------------------------------------+
; Parameter Name ; Value ; Type                                      ;
+----------------+-------+-------------------------------------------+
; MAX_LENGTH     ; 64    ; Signed Integer                            ;
+----------------+-------+-------------------------------------------+
Note: In order to hide this table in the UI and the text report file, please set the "Show Parameter Settings in Synthesis Report" option in "Analysis and Synthesis Settings -> More Settings" to "Off".


+-------------------------------------------------------------------+
; Parameter Settings for User Entity Instance: LED_Board_Driver:led ;
+----------------+-------+------------------------------------------+
; Parameter Name ; Value ; Type                                     ;
+----------------+-------+------------------------------------------+
; MAX_LENGTH     ; 64    ; Signed Integer                           ;
+----------------+-------+------------------------------------------+
Note: In order to hide this table in the UI and the text report file, please set the "Show Parameter Settings in Synthesis Report" option in "Analysis and Synthesis Settings -> More Settings" to "Off".


+----------------------------------------------------------------+
; Parameter Settings for User Entity Instance: LEDDriver:display ;
+----------------+-------+---------------------------------------+
; Parameter Name ; Value ; Type                                  ;
+----------------+-------+---------------------------------------+
; FREQDIV        ; 15    ; Signed Integer                        ;
+----------------+-------+---------------------------------------+
Note: In order to hide this table in the UI and the text report file, please set the "Show Parameter Settings in Synthesis Report" option in "Analysis and Synthesis Settings -> More Settings" to "Off".


+---------------------------------------------------------------------------------------+
; Parameter Settings for Inferred Entity Instance: score_display:scorer|lpm_divide:Mod1 ;
+------------------------+----------------+---------------------------------------------+
; Parameter Name         ; Value          ; Type                                        ;
+------------------------+----------------+---------------------------------------------+
; LPM_WIDTHN             ; 8              ; Untyped                                     ;
; LPM_WIDTHD             ; 4              ; Untyped                                     ;
; LPM_NREPRESENTATION    ; UNSIGNED       ; Untyped                                     ;
; LPM_DREPRESENTATION    ; UNSIGNED       ; Untyped                                     ;
; LPM_PIPELINE           ; 0              ; Untyped                                     ;
; LPM_REMAINDERPOSITIVE  ; TRUE           ; Untyped                                     ;
; MAXIMIZE_SPEED         ; 5              ; Untyped                                     ;
; CBXI_PARAMETER         ; lpm_divide_82m ; Untyped                                     ;
; CARRY_CHAIN            ; MANUAL         ; Untyped                                     ;
; OPTIMIZE_FOR_SPEED     ; 5              ; Untyped                                     ;
; AUTO_CARRY_CHAINS      ; ON             ; AUTO_CARRY                                  ;
; IGNORE_CARRY_BUFFERS   ; OFF            ; IGNORE_CARRY                                ;
; AUTO_CASCADE_CHAINS    ; ON             ; AUTO_CASCADE                                ;
; IGNORE_CASCADE_BUFFERS ; OFF            ; IGNORE_CASCADE                              ;
+------------------------+----------------+---------------------------------------------+
Note: In order to hide this table in the UI and the text report file, please set the "Show Parameter Settings in Synthesis Report" option in "Analysis and Synthesis Settings -> More Settings" to "Off".


+---------------------------------------------------------------------------------------+
; Parameter Settings for Inferred Entity Instance: score_display:scorer|lpm_divide:Mod0 ;
+------------------------+----------------+---------------------------------------------+
; Parameter Name         ; Value          ; Type                                        ;
+------------------------+----------------+---------------------------------------------+
; LPM_WIDTHN             ; 8              ; Untyped                                     ;
; LPM_WIDTHD             ; 7              ; Untyped                                     ;
; LPM_NREPRESENTATION    ; UNSIGNED       ; Untyped                                     ;
; LPM_DREPRESENTATION    ; UNSIGNED       ; Untyped                                     ;
; LPM_PIPELINE           ; 0              ; Untyped                                     ;
; LPM_REMAINDERPOSITIVE  ; TRUE           ; Untyped                                     ;
; MAXIMIZE_SPEED         ; 5              ; Untyped                                     ;
; CBXI_PARAMETER         ; lpm_divide_b2m ; Untyped                                     ;
; CARRY_CHAIN            ; MANUAL         ; Untyped                                     ;
; OPTIMIZE_FOR_SPEED     ; 5              ; Untyped                                     ;
; AUTO_CARRY_CHAINS      ; ON             ; AUTO_CARRY                                  ;
; IGNORE_CARRY_BUFFERS   ; OFF            ; IGNORE_CARRY                                ;
; AUTO_CASCADE_CHAINS    ; ON             ; AUTO_CASCADE                                ;
; IGNORE_CASCADE_BUFFERS ; OFF            ; IGNORE_CASCADE                              ;
+------------------------+----------------+---------------------------------------------+
Note: In order to hide this table in the UI and the text report file, please set the "Show Parameter Settings in Synthesis Report" option in "Analysis and Synthesis Settings -> More Settings" to "Off".


+---------------------------------------------------------------------------------------+
; Parameter Settings for Inferred Entity Instance: score_display:scorer|lpm_divide:Div1 ;
+------------------------+----------------+---------------------------------------------+
; Parameter Name         ; Value          ; Type                                        ;
+------------------------+----------------+---------------------------------------------+
; LPM_WIDTHN             ; 7              ; Untyped                                     ;
; LPM_WIDTHD             ; 4              ; Untyped                                     ;
; LPM_NREPRESENTATION    ; UNSIGNED       ; Untyped                                     ;
; LPM_DREPRESENTATION    ; UNSIGNED       ; Untyped                                     ;
; LPM_PIPELINE           ; 0              ; Untyped                                     ;
; LPM_REMAINDERPOSITIVE  ; TRUE           ; Untyped                                     ;
; MAXIMIZE_SPEED         ; 5              ; Untyped                                     ;
; CBXI_PARAMETER         ; lpm_divide_4am ; Untyped                                     ;
; CARRY_CHAIN            ; MANUAL         ; Untyped                                     ;
; OPTIMIZE_FOR_SPEED     ; 5              ; Untyped                                     ;
; AUTO_CARRY_CHAINS      ; ON             ; AUTO_CARRY                                  ;
; IGNORE_CARRY_BUFFERS   ; OFF            ; IGNORE_CARRY                                ;
; AUTO_CASCADE_CHAINS    ; ON             ; AUTO_CASCADE                                ;
; IGNORE_CASCADE_BUFFERS ; OFF            ; IGNORE_CASCADE                              ;
+------------------------+----------------+---------------------------------------------+
Note: In order to hide this table in the UI and the text report file, please set the "Show Parameter Settings in Synthesis Report" option in "Analysis and Synthesis Settings -> More Settings" to "Off".


+---------------------------------------------------------------------------------------+
; Parameter Settings for Inferred Entity Instance: score_display:scorer|lpm_divide:Div0 ;
+------------------------+----------------+---------------------------------------------+
; Parameter Name         ; Value          ; Type                                        ;
+------------------------+----------------+---------------------------------------------+
; LPM_WIDTHN             ; 8              ; Untyped                                     ;
; LPM_WIDTHD             ; 7              ; Untyped                                     ;
; LPM_NREPRESENTATION    ; UNSIGNED       ; Untyped                                     ;
; LPM_DREPRESENTATION    ; UNSIGNED       ; Untyped                                     ;
; LPM_PIPELINE           ; 0              ; Untyped                                     ;
; LPM_REMAINDERPOSITIVE  ; TRUE           ; Untyped                                     ;
; MAXIMIZE_SPEED         ; 5              ; Untyped                                     ;
; CBXI_PARAMETER         ; lpm_divide_8am ; Untyped                                     ;
; CARRY_CHAIN            ; MANUAL         ; Untyped                                     ;
; OPTIMIZE_FOR_SPEED     ; 5              ; Untyped                                     ;
; AUTO_CARRY_CHAINS      ; ON             ; AUTO_CARRY                                  ;
; IGNORE_CARRY_BUFFERS   ; OFF            ; IGNORE_CARRY                                ;
; AUTO_CASCADE_CHAINS    ; ON             ; AUTO_CASCADE                                ;
; IGNORE_CASCADE_BUFFERS ; OFF            ; IGNORE_CASCADE                              ;
+------------------------+----------------+---------------------------------------------+
Note: In order to hide this table in the UI and the text report file, please set the "Show Parameter Settings in Synthesis Report" option in "Analysis and Synthesis Settings -> More Settings" to "Off".


+---------------------------------------------------------------------------------------+
; Parameter Settings for Inferred Entity Instance: game_tick_gen:ticker|lpm_divide:Div0 ;
+------------------------+----------------+---------------------------------------------+
; Parameter Name         ; Value          ; Type                                        ;
+------------------------+----------------+---------------------------------------------+
; LPM_WIDTHN             ; 26             ; Untyped                                     ;
; LPM_WIDTHD             ; 9              ; Untyped                                     ;
; LPM_NREPRESENTATION    ; UNSIGNED       ; Untyped                                     ;
; LPM_DREPRESENTATION    ; UNSIGNED       ; Untyped                                     ;
; LPM_PIPELINE           ; 0              ; Untyped                                     ;
; LPM_REMAINDERPOSITIVE  ; TRUE           ; Untyped                                     ;
; MAXIMIZE_SPEED         ; 5              ; Untyped                                     ;
; CBXI_PARAMETER         ; lpm_divide_qbm ; Untyped                                     ;
; CARRY_CHAIN            ; MANUAL         ; Untyped                                     ;
; OPTIMIZE_FOR_SPEED     ; 5              ; Untyped                                     ;
; AUTO_CARRY_CHAINS      ; ON             ; AUTO_CARRY                                  ;
; IGNORE_CARRY_BUFFERS   ; OFF            ; IGNORE_CARRY                                ;
; AUTO_CASCADE_CHAINS    ; ON             ; AUTO_CASCADE                                ;
; IGNORE_CASCADE_BUFFERS ; OFF            ; IGNORE_CASCADE                              ;
+------------------------+----------------+---------------------------------------------+
Note: In order to hide this table in the UI and the text report file, please set the "Show Parameter Settings in Synthesis Report" option in "Analysis and Synthesis Settings -> More Settings" to "Off".


+-----------------------------------------------+
; Port Connectivity Checks: "LEDDriver:display" ;
+-------------+-------+----------+--------------+
; Port        ; Type  ; Severity ; Details      ;
+-------------+-------+----------+--------------+
; EnableCount ; Input ; Info     ; Stuck at VCC ;
+-------------+-------+----------+--------------+


+----------------------------------------------------------------------------------------------------------------+
; Port Connectivity Checks: "game_state:gs"                                                                      ;
+------+--------+----------+-------------------------------------------------------------------------------------+
; Port ; Type   ; Severity ; Details                                                                             ;
+------+--------+----------+-------------------------------------------------------------------------------------+
; win  ; Output ; Info     ; Connected to dangling logic. Logic that only feeds a dangling port will be removed. ;
+------+--------+----------+-------------------------------------------------------------------------------------+


+-------------------------------------------------------------------------------------------------------------------------+
; Port Connectivity Checks: "nes_controller_driver:nes_driver"                                                            ;
+---------------+--------+----------+-------------------------------------------------------------------------------------+
; Port          ; Type   ; Severity ; Details                                                                             ;
+---------------+--------+----------+-------------------------------------------------------------------------------------+
; buttons[3..0] ; Output ; Info     ; Connected to dangling logic. Logic that only feeds a dangling port will be removed. ;
+---------------+--------+----------+-------------------------------------------------------------------------------------+


+-----------------------------------------------------+
; Post-Synthesis Netlist Statistics for Top Partition ;
+-----------------------+-----------------------------+
; Type                  ; Count                       ;
+-----------------------+-----------------------------+
; arriav_ff             ; 1171                        ;
;     ENA               ; 29                          ;
;     ENA SCLR          ; 964                         ;
;     SCLR              ; 67                          ;
;     SLD               ; 69                          ;
;     plain             ; 42                          ;
; arriav_lcell_comb     ; 13493                       ;
;     arith             ; 451                         ;
;         0 data inputs ; 61                          ;
;         1 data inputs ; 130                         ;
;         2 data inputs ; 64                          ;
;         3 data inputs ; 28                          ;
;         4 data inputs ; 85                          ;
;         5 data inputs ; 83                          ;
;     normal            ; 13038                       ;
;         0 data inputs ; 2                           ;
;         1 data inputs ; 14                          ;
;         2 data inputs ; 425                         ;
;         3 data inputs ; 123                         ;
;         4 data inputs ; 5905                        ;
;         5 data inputs ; 6084                        ;
;         6 data inputs ; 485                         ;
;     shared            ; 4                           ;
;         0 data inputs ; 1                           ;
;         1 data inputs ; 1                           ;
;         4 data inputs ; 2                           ;
; boundary_port         ; 92                          ;
;                       ;                             ;
; Max LUT depth         ; 64.40                       ;
; Average LUT depth     ; 9.53                        ;
+-----------------------+-----------------------------+


+-------------------------------+
; Elapsed Time Per Partition    ;
+----------------+--------------+
; Partition Name ; Elapsed Time ;
+----------------+--------------+
; Top            ; 00:00:45     ;
+----------------+--------------+


+-------------------------------+
; Analysis & Synthesis Messages ;
+-------------------------------+
Info: *******************************************************************
Info: Running Quartus Prime Analysis & Synthesis
    Info: Version 17.0.0 Build 595 04/25/2017 SJ Lite Edition
    Info: Processing started: Sat Jun 06 13:40:29 2026
Info: Command: quartus_map --read_settings_files=on --write_settings_files=off lab8 -c lab8
Info (20030): Parallel compilation is enabled and will use 16 of the 16 processors detected
Info (12021): Found 2 design units, including 2 entities, in source file synch.sv
    Info (12023): Found entity 1: synch File: Z:/Classes/CSE 369/Lab 8/synch.sv Line: 1
    Info (12023): Found entity 2: synch_tb File: Z:/Classes/CSE 369/Lab 8/synch.sv Line: 13
Info (12021): Found 2 design units, including 2 entities, in source file user_input.sv
    Info (12023): Found entity 1: user_input File: Z:/Classes/CSE 369/Lab 8/user_input.sv Line: 1
    Info (12023): Found entity 2: user_input_tb File: Z:/Classes/CSE 369/Lab 8/user_input.sv Line: 54
Info (12021): Found 2 design units, including 2 entities, in source file lfsr8bit.sv
    Info (12023): Found entity 1: lfsr8bit File: Z:/Classes/CSE 369/Lab 8/lfsr8bit.sv Line: 1
    Info (12023): Found entity 2: lfsr8bit_tb File: Z:/Classes/CSE 369/Lab 8/lfsr8bit.sv Line: 25
Info (12021): Found 2 design units, including 2 entities, in source file led_test.sv
    Info (12023): Found entity 1: LED_test File: Z:/Classes/CSE 369/Lab 8/LED_test.sv Line: 1
    Info (12023): Found entity 2: LED_test_testbench File: Z:/Classes/CSE 369/Lab 8/LED_test.sv Line: 60
Info (12021): Found 3 design units, including 3 entities, in source file leddriver.sv
    Info (12023): Found entity 1: LEDDriver File: Z:/Classes/CSE 369/Lab 8/LEDDriver.sv Line: 13
    Info (12023): Found entity 2: LEDDriver_Test File: Z:/Classes/CSE 369/Lab 8/LEDDriver.sv Line: 34
    Info (12023): Found entity 3: LEDDriver_TestPhysical File: Z:/Classes/CSE 369/Lab 8/LEDDriver.sv Line: 71
Info (12021): Found 2 design units, including 2 entities, in source file game_state.sv
    Info (12023): Found entity 1: game_state File: Z:/Classes/CSE 369/Lab 8/game_state.sv Line: 1
    Info (12023): Found entity 2: game_state_tb File: Z:/Classes/CSE 369/Lab 8/game_state.sv Line: 67
Info (12021): Found 2 design units, including 2 entities, in source file snake.sv
    Info (12023): Found entity 1: snake File: Z:/Classes/CSE 369/Lab 8/snake.sv Line: 1
    Info (12023): Found entity 2: snake_tb File: Z:/Classes/CSE 369/Lab 8/snake.sv Line: 92
Info (12021): Found 2 design units, including 2 entities, in source file apple.sv
    Info (12023): Found entity 1: apple File: Z:/Classes/CSE 369/Lab 8/apple.sv Line: 1
    Info (12023): Found entity 2: apple_tb File: Z:/Classes/CSE 369/Lab 8/apple.sv Line: 72
Info (12021): Found 2 design units, including 2 entities, in source file collision_detector.sv
    Info (12023): Found entity 1: collision_detector File: Z:/Classes/CSE 369/Lab 8/collision_detector.sv Line: 1
    Info (12023): Found entity 2: collision_detector_tb File: Z:/Classes/CSE 369/Lab 8/collision_detector.sv Line: 49
Info (12021): Found 2 design units, including 2 entities, in source file led_board_driver.sv
    Info (12023): Found entity 1: LED_Board_Driver File: Z:/Classes/CSE 369/Lab 8/LED_Board_Driver.sv Line: 1
    Info (12023): Found entity 2: LED_Board_Driver_tb File: Z:/Classes/CSE 369/Lab 8/LED_Board_Driver.sv Line: 28
Info (12021): Found 2 design units, including 2 entities, in source file game_tick_gen.sv
    Info (12023): Found entity 1: game_tick_gen File: Z:/Classes/CSE 369/Lab 8/game_tick_gen.sv Line: 1
    Info (12023): Found entity 2: game_tick_gen_tb File: Z:/Classes/CSE 369/Lab 8/game_tick_gen.sv Line: 23
Info (12021): Found 1 design units, including 1 entities, in source file clock_divider.sv
    Info (12023): Found entity 1: clock_divider File: Z:/Classes/CSE 369/Lab 8/clock_divider.sv Line: 3
Info (12021): Found 2 design units, including 2 entities, in source file nes_controller_driver.sv
    Info (12023): Found entity 1: nes_controller_driver File: Z:/Classes/CSE 369/Lab 8/nes_controller_driver.sv Line: 1
    Info (12023): Found entity 2: nes_controller_driver_tb File: Z:/Classes/CSE 369/Lab 8/nes_controller_driver.sv Line: 150
Info (12021): Found 2 design units, including 2 entities, in source file hex_decoder.sv
    Info (12023): Found entity 1: hex_decoder File: Z:/Classes/CSE 369/Lab 8/hex_decoder.sv Line: 1
    Info (12023): Found entity 2: hex_decoder_tb File: Z:/Classes/CSE 369/Lab 8/hex_decoder.sv Line: 23
Info (12021): Found 2 design units, including 2 entities, in source file score_display.sv
    Info (12023): Found entity 1: score_display File: Z:/Classes/CSE 369/Lab 8/score_display.sv Line: 1
    Info (12023): Found entity 2: score_display_tb File: Z:/Classes/CSE 369/Lab 8/score_display.sv Line: 20
Info (12021): Found 2 design units, including 2 entities, in source file lab8.sv
    Info (12023): Found entity 1: lab8 File: Z:/Classes/CSE 369/Lab 8/lab8.sv Line: 1
    Info (12023): Found entity 2: lab8_tb File: Z:/Classes/CSE 369/Lab 8/lab8.sv Line: 229
Info (12127): Elaborating entity "lab8" for the top level hierarchy
Info (12128): Elaborating entity "game_tick_gen" for hierarchy "game_tick_gen:ticker" File: Z:/Classes/CSE 369/Lab 8/lab8.sv Line: 87
Info (12128): Elaborating entity "user_input" for hierarchy "user_input:ui" File: Z:/Classes/CSE 369/Lab 8/lab8.sv Line: 97
Info (12128): Elaborating entity "synch" for hierarchy "user_input:ui|synch:synchronizer0" File: Z:/Classes/CSE 369/Lab 8/user_input.sv Line: 12
Info (12128): Elaborating entity "nes_controller_driver" for hierarchy "nes_controller_driver:nes_driver" File: Z:/Classes/CSE 369/Lab 8/lab8.sv Line: 107
Info (12128): Elaborating entity "game_state" for hierarchy "game_state:gs" File: Z:/Classes/CSE 369/Lab 8/lab8.sv Line: 120
Info (12128): Elaborating entity "snake" for hierarchy "snake:sn" File: Z:/Classes/CSE 369/Lab 8/lab8.sv Line: 139
Info (10264): Verilog HDL Case Statement information at snake.sv(23): all case item expressions in this case statement are onehot File: Z:/Classes/CSE 369/Lab 8/snake.sv Line: 23
Info (10264): Verilog HDL Case Statement information at snake.sv(41): all case item expressions in this case statement are onehot File: Z:/Classes/CSE 369/Lab 8/snake.sv Line: 41
Info (12128): Elaborating entity "apple" for hierarchy "apple:ap" File: Z:/Classes/CSE 369/Lab 8/lab8.sv Line: 150
Info (12128): Elaborating entity "lfsr8bit" for hierarchy "apple:ap|lfsr8bit:bingbongLFSR" File: Z:/Classes/CSE 369/Lab 8/apple.sv Line: 13
Info (12128): Elaborating entity "collision_detector" for hierarchy "collision_detector:cd" File: Z:/Classes/CSE 369/Lab 8/lab8.sv Line: 167
Info (12128): Elaborating entity "LED_Board_Driver" for hierarchy "LED_Board_Driver:led" File: Z:/Classes/CSE 369/Lab 8/lab8.sv Line: 184
Info (12128): Elaborating entity "LEDDriver" for hierarchy "LEDDriver:display" File: Z:/Classes/CSE 369/Lab 8/lab8.sv Line: 208
Info (12128): Elaborating entity "score_display" for hierarchy "score_display:scorer" File: Z:/Classes/CSE 369/Lab 8/lab8.sv Line: 215
Warning (10230): Verilog HDL assignment warning at score_display.sv(10): truncated value with size 32 to match size of target (4) File: Z:/Classes/CSE 369/Lab 8/score_display.sv Line: 10
Warning (10230): Verilog HDL assignment warning at score_display.sv(11): truncated value with size 32 to match size of target (4) File: Z:/Classes/CSE 369/Lab 8/score_display.sv Line: 11
Warning (10230): Verilog HDL assignment warning at score_display.sv(12): truncated value with size 32 to match size of target (4) File: Z:/Classes/CSE 369/Lab 8/score_display.sv Line: 12
Info (12128): Elaborating entity "hex_decoder" for hierarchy "score_display:scorer|hex_decoder:d2" File: Z:/Classes/CSE 369/Lab 8/score_display.sv Line: 14
Info (278001): Inferred 5 megafunctions from design logic
    Info (278004): Inferred divider/modulo megafunction ("lpm_divide") from the following logic: "score_display:scorer|Mod1" File: Z:/Classes/CSE 369/Lab 8/score_display.sv Line: 12
    Info (278004): Inferred divider/modulo megafunction ("lpm_divide") from the following logic: "score_display:scorer|Mod0" File: Z:/Classes/CSE 369/Lab 8/score_display.sv Line: 11
    Info (278004): Inferred divider/modulo megafunction ("lpm_divide") from the following logic: "score_display:scorer|Div1" File: Z:/Classes/CSE 369/Lab 8/score_display.sv Line: 11
    Info (278004): Inferred divider/modulo megafunction ("lpm_divide") from the following logic: "score_display:scorer|Div0" File: Z:/Classes/CSE 369/Lab 8/score_display.sv Line: 10
    Info (278004): Inferred divider/modulo megafunction ("lpm_divide") from the following logic: "game_tick_gen:ticker|Div0" File: Z:/Classes/CSE 369/Lab 8/game_tick_gen.sv Line: 12
Info (12130): Elaborated megafunction instantiation "score_display:scorer|lpm_divide:Mod1" File: Z:/Classes/CSE 369/Lab 8/score_display.sv Line: 12
Info (12133): Instantiated megafunction "score_display:scorer|lpm_divide:Mod1" with the following parameter: File: Z:/Classes/CSE 369/Lab 8/score_display.sv Line: 12
    Info (12134): Parameter "LPM_WIDTHN" = "8"
    Info (12134): Parameter "LPM_WIDTHD" = "4"
    Info (12134): Parameter "LPM_NREPRESENTATION" = "UNSIGNED"
    Info (12134): Parameter "LPM_DREPRESENTATION" = "UNSIGNED"
Info (12021): Found 1 design units, including 1 entities, in source file db/lpm_divide_82m.tdf
    Info (12023): Found entity 1: lpm_divide_82m File: Z:/Classes/CSE 369/Lab 8/db/lpm_divide_82m.tdf Line: 25
Info (12021): Found 1 design units, including 1 entities, in source file db/sign_div_unsign_bkh.tdf
    Info (12023): Found entity 1: sign_div_unsign_bkh File: Z:/Classes/CSE 369/Lab 8/db/sign_div_unsign_bkh.tdf Line: 25
Info (12021): Found 1 design units, including 1 entities, in source file db/alt_u_div_sse.tdf
    Info (12023): Found entity 1: alt_u_div_sse File: Z:/Classes/CSE 369/Lab 8/db/alt_u_div_sse.tdf Line: 23
Info (12130): Elaborated megafunction instantiation "score_display:scorer|lpm_divide:Mod0" File: Z:/Classes/CSE 369/Lab 8/score_display.sv Line: 11
Info (12133): Instantiated megafunction "score_display:scorer|lpm_divide:Mod0" with the following parameter: File: Z:/Classes/CSE 369/Lab 8/score_display.sv Line: 11
    Info (12134): Parameter "LPM_WIDTHN" = "8"
    Info (12134): Parameter "LPM_WIDTHD" = "7"
    Info (12134): Parameter "LPM_NREPRESENTATION" = "UNSIGNED"
    Info (12134): Parameter "LPM_DREPRESENTATION" = "UNSIGNED"
Info (12021): Found 1 design units, including 1 entities, in source file db/lpm_divide_b2m.tdf
    Info (12023): Found entity 1: lpm_divide_b2m File: Z:/Classes/CSE 369/Lab 8/db/lpm_divide_b2m.tdf Line: 25
Info (12021): Found 1 design units, including 1 entities, in source file db/sign_div_unsign_ekh.tdf
    Info (12023): Found entity 1: sign_div_unsign_ekh File: Z:/Classes/CSE 369/Lab 8/db/sign_div_unsign_ekh.tdf Line: 25
Info (12021): Found 1 design units, including 1 entities, in source file db/alt_u_div_2te.tdf
    Info (12023): Found entity 1: alt_u_div_2te File: Z:/Classes/CSE 369/Lab 8/db/alt_u_div_2te.tdf Line: 23
Info (12130): Elaborated megafunction instantiation "score_display:scorer|lpm_divide:Div1" File: Z:/Classes/CSE 369/Lab 8/score_display.sv Line: 11
Info (12133): Instantiated megafunction "score_display:scorer|lpm_divide:Div1" with the following parameter: File: Z:/Classes/CSE 369/Lab 8/score_display.sv Line: 11
    Info (12134): Parameter "LPM_WIDTHN" = "7"
    Info (12134): Parameter "LPM_WIDTHD" = "4"
    Info (12134): Parameter "LPM_NREPRESENTATION" = "UNSIGNED"
    Info (12134): Parameter "LPM_DREPRESENTATION" = "UNSIGNED"
Info (12021): Found 1 design units, including 1 entities, in source file db/lpm_divide_4am.tdf
    Info (12023): Found entity 1: lpm_divide_4am File: Z:/Classes/CSE 369/Lab 8/db/lpm_divide_4am.tdf Line: 25
Info (12021): Found 1 design units, including 1 entities, in source file db/sign_div_unsign_akh.tdf
    Info (12023): Found entity 1: sign_div_unsign_akh File: Z:/Classes/CSE 369/Lab 8/db/sign_div_unsign_akh.tdf Line: 25
Info (12021): Found 1 design units, including 1 entities, in source file db/alt_u_div_qse.tdf
    Info (12023): Found entity 1: alt_u_div_qse File: Z:/Classes/CSE 369/Lab 8/db/alt_u_div_qse.tdf Line: 23
Info (12130): Elaborated megafunction instantiation "score_display:scorer|lpm_divide:Div0" File: Z:/Classes/CSE 369/Lab 8/score_display.sv Line: 10
Info (12133): Instantiated megafunction "score_display:scorer|lpm_divide:Div0" with the following parameter: File: Z:/Classes/CSE 369/Lab 8/score_display.sv Line: 10
    Info (12134): Parameter "LPM_WIDTHN" = "8"
    Info (12134): Parameter "LPM_WIDTHD" = "7"
    Info (12134): Parameter "LPM_NREPRESENTATION" = "UNSIGNED"
    Info (12134): Parameter "LPM_DREPRESENTATION" = "UNSIGNED"
Info (12021): Found 1 design units, including 1 entities, in source file db/lpm_divide_8am.tdf
    Info (12023): Found entity 1: lpm_divide_8am File: Z:/Classes/CSE 369/Lab 8/db/lpm_divide_8am.tdf Line: 25
Info (12130): Elaborated megafunction instantiation "game_tick_gen:ticker|lpm_divide:Div0" File: Z:/Classes/CSE 369/Lab 8/game_tick_gen.sv Line: 12
Info (12133): Instantiated megafunction "game_tick_gen:ticker|lpm_divide:Div0" with the following parameter: File: Z:/Classes/CSE 369/Lab 8/game_tick_gen.sv Line: 12
    Info (12134): Parameter "LPM_WIDTHN" = "26"
    Info (12134): Parameter "LPM_WIDTHD" = "9"
    Info (12134): Parameter "LPM_NREPRESENTATION" = "UNSIGNED"
    Info (12134): Parameter "LPM_DREPRESENTATION" = "UNSIGNED"
Info (12021): Found 1 design units, including 1 entities, in source file db/lpm_divide_qbm.tdf
    Info (12023): Found entity 1: lpm_divide_qbm File: Z:/Classes/CSE 369/Lab 8/db/lpm_divide_qbm.tdf Line: 25
Info (12021): Found 1 design units, including 1 entities, in source file db/sign_div_unsign_0mh.tdf
    Info (12023): Found entity 1: sign_div_unsign_0mh File: Z:/Classes/CSE 369/Lab 8/db/sign_div_unsign_0mh.tdf Line: 25
Info (12021): Found 1 design units, including 1 entities, in source file db/alt_u_div_60f.tdf
    Info (12023): Found entity 1: alt_u_div_60f File: Z:/Classes/CSE 369/Lab 8/db/alt_u_div_60f.tdf Line: 23
Warning (13024): Output pins are stuck at VCC or GND
    Warning (13410): Pin "HEX2[1]" is stuck at GND File: Z:/Classes/CSE 369/Lab 8/lab8.sv Line: 10
    Warning (13410): Pin "HEX4[1]" is stuck at VCC File: Z:/Classes/CSE 369/Lab 8/lab8.sv Line: 10
    Warning (13410): Pin "HEX5[3]" is stuck at VCC File: Z:/Classes/CSE 369/Lab 8/lab8.sv Line: 10
Info (286030): Timing-Driven Synthesis is running
Info (17049): 1 registers lost all their fanouts during netlist optimizations.
Info (16010): Generating hard_block partition "hard_block:auto_generated_inst"
    Info (16011): Adding 0 node(s), including 0 DDIO, 0 PLL, 0 transceiver and 0 LCELL
Info (21057): Implemented 14046 device resources after synthesis - the final resource count might be different
    Info (21058): Implemented 12 input pins
    Info (21059): Implemented 80 output pins
    Info (21061): Implemented 13954 logic cells
Info: Quartus Prime Analysis & Synthesis was successful. 0 errors, 7 warnings
    Info: Peak virtual memory: 5002 megabytes
    Info: Processing ended: Sat Jun 06 13:41:25 2026
    Info: Elapsed time: 00:00:56
    Info: Total CPU time (on all processors): 00:01:13


